  [1m[35m (3.5ms)[0m  [1m[34mSELECT sqlite_version(*)[0m
  [1m[35m (2.2ms)[0m  [1m[35mCREATE TABLE "schema_migrations" ("version" varchar NOT NULL PRIMARY KEY)[0m
  [1m[35m (1.9ms)[0m  [1m[35mCREATE TABLE "ar_internal_metadata" ("key" varchar NOT NULL PRIMARY KEY, "value" varchar, "created_at" datetime(6) NOT NULL, "updated_at" datetime(6) NOT NULL)[0m
  [1m[35m (0.4ms)[0m  [1m[34mSELECT "schema_migrations"."version" FROM "schema_migrations" ORDER BY "schema_migrations"."version" ASC[0m
Migrating to CreateItems (20201106165257)
  [1m[35m (0.1ms)[0m  [1m[36mbegin transaction[0m
  [1m[35m (1.0ms)[0m  [1m[35mCREATE TABLE "items" ("id" integer PRIMARY KEY AUTOINCREMENT NOT NULL, "name" varchar, "description" varchar, "seller_id" integer, "asking_price" float, "end_date" date, "created_at" datetime(6) NOT NULL, "updated_at" datetime(6) NOT NULL)[0m
  [1m[36mprimary::SchemaMigration Create (0.3ms)[0m  [1m[32mINSERT INTO "schema_migrations" ("version") VALUES (?)[0m  [["version", "20201106165257"]]
  [1m[35m (1.2ms)[0m  [1m[36mcommit transaction[0m
Migrating to CreateUsers (20201106165346)
  [1m[35m (0.1ms)[0m  [1m[36mbegin transaction[0m
  [1m[35m (0.9ms)[0m  [1m[35mCREATE TABLE "users" ("id" integer PRIMARY KEY AUTOINCREMENT NOT NULL, "username" varchar, "balance" float, "created_at" datetime(6) NOT NULL, "updated_at" datetime(6) NOT NULL)[0m
  [1m[36mprimary::SchemaMigration Create (0.4ms)[0m  [1m[32mINSERT INTO "schema_migrations" ("version") VALUES (?)[0m  [["version", "20201106165346"]]
  [1m[35m (1.3ms)[0m  [1m[36mcommit transaction[0m
Migrating to CreateBids (20201106165446)
  [1m[35m (0.1ms)[0m  [1m[36mbegin transaction[0m
  [1m[35m (1.3ms)[0m  [1m[35mCREATE TABLE "bids" ("id" integer PRIMARY KEY AUTOINCREMENT NOT NULL, "bidder_id" integer, "item_id" integer, "bid_amount" float, "created_at" datetime(6) NOT NULL, "updated_at" datetime(6) NOT NULL)[0m
  [1m[36mprimary::SchemaMigration Create (0.6ms)[0m  [1m[32mINSERT INTO "schema_migrations" ("version") VALUES (?)[0m  [["version", "20201106165446"]]
  [1m[35m (1.4ms)[0m  [1m[36mcommit transaction[0m
  [1m[36mActiveRecord::InternalMetadata Load (0.4ms)[0m  [1m[34mSELECT "ar_internal_metadata".* FROM "ar_internal_metadata" WHERE "ar_internal_metadata"."key" = ? LIMIT ?[0m  [["key", "environment"], ["LIMIT", 1]]
  [1m[35m (0.1ms)[0m  [1m[36mbegin transaction[0m
  [1m[36mActiveRecord::InternalMetadata Create (1.0ms)[0m  [1m[32mINSERT INTO "ar_internal_metadata" ("key", "value", "created_at", "updated_at") VALUES (?, ?, ?, ?)[0m  [["key", "environment"], ["value", "development"], ["created_at", "2020-11-06 17:05:17.551461"], ["updated_at", "2020-11-06 17:05:17.551461"]]
  [1m[35m (1.8ms)[0m  [1m[36mcommit transaction[0m
  [1m[35m (0.2ms)[0m  [1m[34mSELECT sqlite_version(*)[0m
  [1m[35m (0.3ms)[0m  [1m[34mSELECT "schema_migrations"."version" FROM "schema_migrations" ORDER BY "schema_migrations"."version" ASC[0m
  [1m[35m (0.8ms)[0m  [1m[34mSELECT sqlite_version(*)[0m
  [1m[35m (0.2ms)[0m  [1m[34mSELECT "schema_migrations"."version" FROM "schema_migrations" ORDER BY "schema_migrations"."version" ASC[0m
  [1m[35m (0.1ms)[0m  [1m[34mSELECT sqlite_version(*)[0m
  [1m[36mUser Load (0.2ms)[0m  [1m[34mSELECT "users".* FROM "users"[0m
  [1m[36mItem Load (0.3ms)[0m  [1m[34mSELECT "items".* FROM "items"[0m
  [1m[35m (0.7ms)[0m  [1m[34mSELECT sqlite_version(*)[0m
  [1m[35m (0.2ms)[0m  [1m[34mSELECT "schema_migrations"."version" FROM "schema_migrations" ORDER BY "schema_migrations"."version" ASC[0m
  [1m[35m (0.1ms)[0m  [1m[34mSELECT sqlite_version(*)[0m
  [1m[36mUser Load (0.2ms)[0m  [1m[34mSELECT "users".* FROM "users"[0m
  [1m[36mItem Load (0.4ms)[0m  [1m[34mSELECT "items".* FROM "items"[0m
  [1m[35m (0.1ms)[0m  [1m[36mbegin transaction[0m
  [1m[36mUser Create (0.8ms)[0m  [1m[32mINSERT INTO "users" ("username", "balance", "created_at", "updated_at") VALUES (?, ?, ?, ?)[0m  [["username", "Dali"], ["balance", 50.0], ["created_at", "2020-11-06 17:07:05.636324"], ["updated_at", "2020-11-06 17:07:05.636324"]]
  [1m[35m (1.1ms)[0m  [1m[36mcommit transaction[0m
  [1m[35m (0.6ms)[0m  [1m[34mSELECT sqlite_version(*)[0m
  [1m[35m (0.3ms)[0m  [1m[34mSELECT "schema_migrations"."version" FROM "schema_migrations" ORDER BY "schema_migrations"."version" ASC[0m
  [1m[35m (0.2ms)[0m  [1m[34mSELECT sqlite_version(*)[0m
  [1m[36mUser Load (0.3ms)[0m  [1m[34mSELECT "users".* FROM "users"[0m
  [1m[35m (0.1ms)[0m  [1m[36mbegin transaction[0m
  [1m[36mUser Destroy (0.6ms)[0m  [1m[31mDELETE FROM "users" WHERE "users"."id" = ?[0m  [["id", 1]]
  [1m[35m (1.4ms)[0m  [1m[36mcommit transaction[0m
  [1m[36mItem Load (0.3ms)[0m  [1m[34mSELECT "items".* FROM "items"[0m
  [1m[35m (0.1ms)[0m  [1m[36mbegin transaction[0m
  [1m[36mUser Create (0.7ms)[0m  [1m[32mINSERT INTO "users" ("username", "balance", "created_at", "updated_at") VALUES (?, ?, ?, ?)[0m  [["username", "Klimt"], ["balance", 50.0], ["created_at", "2020-11-06 17:07:33.028069"], ["updated_at", "2020-11-06 17:07:33.028069"]]
  [1m[35m (1.3ms)[0m  [1m[36mcommit transaction[0m
  [1m[35m (0.1ms)[0m  [1m[36mbegin transaction[0m
  ↳ app/models/user.rb:8:in `add_item'
  [1m[36mUser Load (0.2ms)[0m  [1m[34mSELECT "users".* FROM "users" WHERE "users"."id" = ? LIMIT ?[0m  [["id", 2], ["LIMIT", 1]]
  ↳ app/models/user.rb:8:in `add_item'
  [1m[36mItem Create (0.9ms)[0m  [1m[32mINSERT INTO "items" ("name", "description", "seller_id", "asking_price", "end_date", "created_at", "updated_at") VALUES (?, ?, ?, ?, ?, ?, ?)[0m  [["name", "SpaceX' Duck"], ["description", "There was never a genius without a tincture of madness."], ["seller_id", 2], ["asking_price", 8.0], ["end_date", "1998-06-11"], ["created_at", "2020-11-06 17:07:33.078665"], ["updated_at", "2020-11-06 17:07:33.078665"]]
  ↳ app/models/user.rb:8:in `add_item'
  [1m[35m (1.4ms)[0m  [1m[36mcommit transaction[0m
  ↳ app/models/user.rb:8:in `add_item'
  [1m[35m (0.1ms)[0m  [1m[36mbegin transaction[0m
  ↳ app/models/user.rb:8:in `add_item'
  [1m[36mUser Load (0.4ms)[0m  [1m[34mSELECT "users".* FROM "users" WHERE "users"."id" = ? LIMIT ?[0m  [["id", 2], ["LIMIT", 1]]
  ↳ app/models/user.rb:8:in `add_item'
  [1m[36mItem Create (0.7ms)[0m  [1m[32mINSERT INTO "items" ("name", "description", "seller_id", "asking_price", "end_date", "created_at", "updated_at") VALUES (?, ?, ?, ?, ?, ?, ?)[0m  [["name", "NASA Jet Propulsion Laboratory Duck"], ["description", "The unexamined life is not worth living."], ["seller_id", 2], ["asking_price", 25.0], ["end_date", "1988-04-08"], ["created_at", "2020-11-06 17:07:33.095382"], ["updated_at", "2020-11-06 17:07:33.095382"]]
  ↳ app/models/user.rb:8:in `add_item'
  [1m[35m (1.3ms)[0m  [1m[36mcommit transaction[0m
  ↳ app/models/user.rb:8:in `add_item'
  [1m[35m (0.1ms)[0m  [1m[36mbegin transaction[0m
  [1m[36mUser Create (0.6ms)[0m  [1m[32mINSERT INTO "users" ("username", "balance", "created_at", "updated_at") VALUES (?, ?, ?, ?)[0m  [["username", "Magritte"], ["balance", 50.0], ["created_at", "2020-11-06 17:07:33.101904"], ["updated_at", "2020-11-06 17:07:33.101904"]]
  [1m[35m (1.2ms)[0m  [1m[36mcommit transaction[0m
  [1m[35m (0.1ms)[0m  [1m[36mbegin transaction[0m
  ↳ app/models/user.rb:8:in `add_item'
  [1m[36mUser Load (0.6ms)[0m  [1m[34mSELECT "users".* FROM "users" WHERE "users"."id" = ? LIMIT ?[0m  [["id", 3], ["LIMIT", 1]]
  ↳ app/models/user.rb:8:in `add_item'
  [1m[36mItem Create (0.6ms)[0m  [1m[32mINSERT INTO "items" ("name", "description", "seller_id", "asking_price", "end_date", "created_at", "updated_at") VALUES (?, ?, ?, ?, ?, ?, ?)[0m  [["name", "Bigelow Aerospace Duck"], ["description", "Know how to listen, and you will profit even from those who talk badly."], ["seller_id", 3], ["asking_price", 5.0], ["end_date", "2012-10-01"], ["created_at", "2020-11-06 17:07:33.116754"], ["updated_at", "2020-11-06 17:07:33.116754"]]
  ↳ app/models/user.rb:8:in `add_item'
  [1m[35m (1.3ms)[0m  [1m[36mcommit transaction[0m
  ↳ app/models/user.rb:8:in `add_item'
  [1m[35m (0.1ms)[0m  [1m[36mbegin transaction[0m
  ↳ app/models/user.rb:8:in `add_item'
  [1m[36mUser Load (0.3ms)[0m  [1m[34mSELECT "users".* FROM "users" WHERE "users"."id" = ? LIMIT ?[0m  [["id", 3], ["LIMIT", 1]]
  ↳ app/models/user.rb:8:in `add_item'
  [1m[36mItem Create (0.8ms)[0m  [1m[32mINSERT INTO "items" ("name", "description", "seller_id", "asking_price", "end_date", "created_at", "updated_at") VALUES (?, ?, ?, ?, ?, ?, ?)[0m  [["name", "Rocket Lab Duck"], ["description", "Good habits formed at youth make all the difference."], ["seller_id", 3], ["asking_price", 21.0], ["end_date", "1978-06-08"], ["created_at", "2020-11-06 17:07:33.126460"], ["updated_at", "2020-11-06 17:07:33.126460"]]
  ↳ app/models/user.rb:8:in `add_item'
  [1m[35m (1.2ms)[0m  [1m[36mcommit transaction[0m
  ↳ app/models/user.rb:8:in `add_item'
  [1m[35m (0.1ms)[0m  [1m[36mbegin transaction[0m
  ↳ app/models/user.rb:8:in `add_item'
  [1m[36mUser Load (0.4ms)[0m  [1m[34mSELECT "users".* FROM "users" WHERE "users"."id" = ? LIMIT ?[0m  [["id", 3], ["LIMIT", 1]]
  ↳ app/models/user.rb:8:in `add_item'
  [1m[36mItem Create (0.8ms)[0m  [1m[32mINSERT INTO "items" ("name", "description", "seller_id", "asking_price", "end_date", "created_at", "updated_at") VALUES (?, ?, ?, ?, ?, ?, ?)[0m  [["name", "NASA Jet Propulsion Laboratory Duck"], ["description", "Most people would rather give than get affection."], ["seller_id", 3], ["asking_price", 18.0], ["end_date", "1988-02-14"], ["created_at", "2020-11-06 17:07:33.173373"], ["updated_at", "2020-11-06 17:07:33.173373"]]
  ↳ app/models/user.rb:8:in `add_item'
  [1m[35m (1.4ms)[0m  [1m[36mcommit transaction[0m
  ↳ app/models/user.rb:8:in `add_item'
  [1m[35m (0.1ms)[0m  [1m[36mbegin transaction[0m
  ↳ app/models/user.rb:8:in `add_item'
  [1m[36mUser Load (0.2ms)[0m  [1m[34mSELECT "users".* FROM "users" WHERE "users"."id" = ? LIMIT ?[0m  [["id", 3], ["LIMIT", 1]]
  ↳ app/models/user.rb:8:in `add_item'
  [1m[36mItem Create (0.9ms)[0m  [1m[32mINSERT INTO "items" ("name", "description", "seller_id", "asking_price", "end_date", "created_at", "updated_at") VALUES (?, ?, ?, ?, ?, ?, ?)[0m  [["name", "SpaceDev Duck"], ["description", "Rhetoric is the art of ruling the minds of men."], ["seller_id", 3], ["asking_price", 18.0], ["end_date", "2013-01-30"], ["created_at", "2020-11-06 17:07:33.184766"], ["updated_at", "2020-11-06 17:07:33.184766"]]
  ↳ app/models/user.rb:8:in `add_item'
  [1m[35m (1.2ms)[0m  [1m[36mcommit transaction[0m
  ↳ app/models/user.rb:8:in `add_item'
  [1m[35m (0.1ms)[0m  [1m[36mbegin transaction[0m
  [1m[36mUser Create (0.8ms)[0m  [1m[32mINSERT INTO "users" ("username", "balance", "created_at", "updated_at") VALUES (?, ?, ?, ?)[0m  [["username", "Vettriano"], ["balance", 50.0], ["created_at", "2020-11-06 17:07:33.190627"], ["updated_at", "2020-11-06 17:07:33.190627"]]
  [1m[35m (1.4ms)[0m  [1m[36mcommit transaction[0m
  [1m[35m (0.1ms)[0m  [1m[36mbegin transaction[0m
  ↳ app/models/user.rb:8:in `add_item'
  [1m[36mUser Load (0.2ms)[0m  [1m[34mSELECT "users".* FROM "users" WHERE "users"."id" = ? LIMIT ?[0m  [["id", 4], ["LIMIT", 1]]
  ↳ app/models/user.rb:8:in `add_item'
  [1m[36mItem Create (0.6ms)[0m  [1m[32mINSERT INTO "items" ("name", "description", "seller_id", "asking_price", "end_date", "created_at", "updated_at") VALUES (?, ?, ?, ?, ?, ?, ?)[0m  [["name", "Rocket Lab Duck"], ["description", "Love is composed of a single soul inhabiting two bodies."], ["seller_id", 4], ["asking_price", 21.0], ["end_date", "1995-04-28"], ["created_at", "2020-11-06 17:07:33.204483"], ["updated_at", "2020-11-06 17:07:33.204483"]]
  ↳ app/models/user.rb:8:in `add_item'
  [1m[35m (1.4ms)[0m  [1m[36mcommit transaction[0m
  ↳ app/models/user.rb:8:in `add_item'
  [1m[35m (0.1ms)[0m  [1m[36mbegin transaction[0m
  ↳ app/models/user.rb:8:in `add_item'
  [1m[36mUser Load (0.2ms)[0m  [1m[34mSELECT "users".* FROM "users" WHERE "users"."id" = ? LIMIT ?[0m  [["id", 4], ["LIMIT", 1]]
  ↳ app/models/user.rb:8:in `add_item'
  [1m[36mItem Create (0.7ms)[0m  [1m[32mINSERT INTO "items" ("name", "description", "seller_id", "asking_price", "end_date", "created_at", "updated_at") VALUES (?, ?, ?, ?, ?, ?, ?)[0m  [["name", "Blue Origin Duck"], ["description", "Good habits formed at youth make all the difference."], ["seller_id", 4], ["asking_price", 16.0], ["end_date", "2010-11-13"], ["created_at", "2020-11-06 17:07:33.217258"], ["updated_at", "2020-11-06 17:07:33.217258"]]
  ↳ app/models/user.rb:8:in `add_item'
  [1m[35m (1.2ms)[0m  [1m[36mcommit transaction[0m
  ↳ app/models/user.rb:8:in `add_item'
  [1m[35m (0.1ms)[0m  [1m[36mbegin transaction[0m
  [1m[36mUser Create (0.7ms)[0m  [1m[32mINSERT INTO "users" ("username", "balance", "created_at", "updated_at") VALUES (?, ?, ?, ?)[0m  [["username", "Kahlo"], ["balance", 50.0], ["created_at", "2020-11-06 17:07:33.223613"], ["updated_at", "2020-11-06 17:07:33.223613"]]
  [1m[35m (1.1ms)[0m  [1m[36mcommit transaction[0m
  [1m[35m (0.1ms)[0m  [1m[36mbegin transaction[0m
  ↳ app/models/user.rb:8:in `add_item'
  [1m[36mUser Load (0.2ms)[0m  [1m[34mSELECT "users".* FROM "users" WHERE "users"."id" = ? LIMIT ?[0m  [["id", 5], ["LIMIT", 1]]
  ↳ app/models/user.rb:8:in `add_item'
  [1m[36mItem Create (0.6ms)[0m  [1m[32mINSERT INTO "items" ("name", "description", "seller_id", "asking_price", "end_date", "created_at", "updated_at") VALUES (?, ?, ?, ?, ?, ?, ?)[0m  [["name", "NASA Jet Propulsion Laboratory Duck"], ["description", "Pleasure in the job puts perfection in the work."], ["seller_id", 5], ["asking_price", 29.0], ["end_date", "2004-02-20"], ["created_at", "2020-11-06 17:07:33.238275"], ["updated_at", "2020-11-06 17:07:33.238275"]]
  ↳ app/models/user.rb:8:in `add_item'
  [1m[35m (1.4ms)[0m  [1m[36mcommit transaction[0m
  ↳ app/models/user.rb:8:in `add_item'
  [1m[35m (0.1ms)[0m  [1m[36mbegin transaction[0m
  ↳ app/models/user.rb:8:in `add_item'
  [1m[36mUser Load (0.3ms)[0m  [1m[34mSELECT "users".* FROM "users" WHERE "users"."id" = ? LIMIT ?[0m  [["id", 5], ["LIMIT", 1]]
  ↳ app/models/user.rb:8:in `add_item'
  [1m[36mItem Create (0.6ms)[0m  [1m[32mINSERT INTO "items" ("name", "description", "seller_id", "asking_price", "end_date", "created_at", "updated_at") VALUES (?, ?, ?, ?, ?, ?, ?)[0m  [["name", "Orbital Sciences Duck"], ["description", "There was never a genius without a tincture of madness."], ["seller_id", 5], ["asking_price", 25.0], ["end_date", "2006-02-06"], ["created_at", "2020-11-06 17:07:33.252731"], ["updated_at", "2020-11-06 17:07:33.252731"]]
  ↳ app/models/user.rb:8:in `add_item'
  [1m[35m (1.3ms)[0m  [1m[36mcommit transaction[0m
  ↳ app/models/user.rb:8:in `add_item'
  [1m[35m (0.1ms)[0m  [1m[36mbegin transaction[0m
  ↳ app/models/user.rb:8:in `add_item'
  [1m[36mUser Load (0.2ms)[0m  [1m[34mSELECT "users".* FROM "users" WHERE "users"."id" = ? LIMIT ?[0m  [["id", 5], ["LIMIT", 1]]
  ↳ app/models/user.rb:8:in `add_item'
  [1m[36mItem Create (0.6ms)[0m  [1m[32mINSERT INTO "items" ("name", "description", "seller_id", "asking_price", "end_date", "created_at", "updated_at") VALUES (?, ?, ?, ?, ?, ?, ?)[0m  [["name", "SpaceDev Duck"], ["description", "The mind is not a vessel to be filled but a fire to be kindled."], ["seller_id", 5], ["asking_price", 11.0], ["end_date", "2008-09-23"], ["created_at", "2020-11-06 17:07:33.263689"], ["updated_at", "2020-11-06 17:07:33.263689"]]
  ↳ app/models/user.rb:8:in `add_item'
  [1m[35m (1.2ms)[0m  [1m[36mcommit transaction[0m
  ↳ app/models/user.rb:8:in `add_item'
  [1m[35m (0.1ms)[0m  [1m[36mbegin transaction[0m
  [1m[36mUser Create (0.8ms)[0m  [1m[32mINSERT INTO "users" ("username", "balance", "created_at", "updated_at") VALUES (?, ?, ?, ?)[0m  [["username", "Pollock"], ["balance", 50.0], ["created_at", "2020-11-06 17:07:33.269934"], ["updated_at", "2020-11-06 17:07:33.269934"]]
  [1m[35m (1.1ms)[0m  [1m[36mcommit transaction[0m
  [1m[35m (0.1ms)[0m  [1m[36mbegin transaction[0m
  ↳ app/models/user.rb:8:in `add_item'
  [1m[36mUser Load (0.2ms)[0m  [1m[34mSELECT "users".* FROM "users" WHERE "users"."id" = ? LIMIT ?[0m  [["id", 6], ["LIMIT", 1]]
  ↳ app/models/user.rb:8:in `add_item'
  [1m[36mItem Create (0.5ms)[0m  [1m[32mINSERT INTO "items" ("name", "description", "seller_id", "asking_price", "end_date", "created_at", "updated_at") VALUES (?, ?, ?, ?, ?, ?, ?)[0m  [["name", "Virgin Galactic Duck"], ["description", "Philosophy is the highest music."], ["seller_id", 6], ["asking_price", 7.0], ["end_date", "1970-01-09"], ["created_at", "2020-11-06 17:07:33.283438"], ["updated_at", "2020-11-06 17:07:33.283438"]]
  ↳ app/models/user.rb:8:in `add_item'
  [1m[35m (1.2ms)[0m  [1m[36mcommit transaction[0m
  ↳ app/models/user.rb:8:in `add_item'
  [1m[35m (0.1ms)[0m  [1m[36mbegin transaction[0m
  ↳ app/models/user.rb:8:in `add_item'
  [1m[36mUser Load (0.2ms)[0m  [1m[34mSELECT "users".* FROM "users" WHERE "users"."id" = ? LIMIT ?[0m  [["id", 6], ["LIMIT", 1]]
  ↳ app/models/user.rb:8:in `add_item'
  [1m[36mItem Create (0.9ms)[0m  [1m[32mINSERT INTO "items" ("name", "description", "seller_id", "asking_price", "end_date", "created_at", "updated_at") VALUES (?, ?, ?, ?, ?, ?, ?)[0m  [["name", "Blue Origin Duck"], ["description", "Good habits formed at youth make all the difference."], ["seller_id", 6], ["asking_price", 17.0], ["end_date", "1971-11-12"], ["created_at", "2020-11-06 17:07:33.294716"], ["updated_at", "2020-11-06 17:07:33.294716"]]
  ↳ app/models/user.rb:8:in `add_item'
  [1m[35m (1.3ms)[0m  [1m[36mcommit transaction[0m
  ↳ app/models/user.rb:8:in `add_item'
  [1m[35m (0.1ms)[0m  [1m[36mbegin transaction[0m
  ↳ app/models/user.rb:8:in `add_item'
  [1m[36mUser Load (0.3ms)[0m  [1m[34mSELECT "users".* FROM "users" WHERE "users"."id" = ? LIMIT ?[0m  [["id", 6], ["LIMIT", 1]]
  ↳ app/models/user.rb:8:in `add_item'
  [1m[36mItem Create (0.6ms)[0m  [1m[32mINSERT INTO "items" ("name", "description", "seller_id", "asking_price", "end_date", "created_at", "updated_at") VALUES (?, ?, ?, ?, ?, ?, ?)[0m  [["name", "Virgin Galactic Duck"], ["description", "Most people would rather give than get affection."], ["seller_id", 6], ["asking_price", 21.0], ["end_date", "1977-03-08"], ["created_at", "2020-11-06 17:07:33.306862"], ["updated_at", "2020-11-06 17:07:33.306862"]]
  ↳ app/models/user.rb:8:in `add_item'
  [1m[35m (1.5ms)[0m  [1m[36mcommit transaction[0m
  ↳ app/models/user.rb:8:in `add_item'
  [1m[35m (0.1ms)[0m  [1m[36mbegin transaction[0m
  [1m[36mUser Create (0.6ms)[0m  [1m[32mINSERT INTO "users" ("username", "balance", "created_at", "updated_at") VALUES (?, ?, ?, ?)[0m  [["username", "Botticelli"], ["balance", 50.0], ["created_at", "2020-11-06 17:07:33.315242"], ["updated_at", "2020-11-06 17:07:33.315242"]]
  [1m[35m (1.2ms)[0m  [1m[36mcommit transaction[0m
  [1m[35m (0.1ms)[0m  [1m[36mbegin transaction[0m
  ↳ app/models/user.rb:8:in `add_item'
  [1m[36mUser Load (0.2ms)[0m  [1m[34mSELECT "users".* FROM "users" WHERE "users"."id" = ? LIMIT ?[0m  [["id", 7], ["LIMIT", 1]]
  ↳ app/models/user.rb:8:in `add_item'
  [1m[36mItem Create (0.8ms)[0m  [1m[32mINSERT INTO "items" ("name", "description", "seller_id", "asking_price", "end_date", "created_at", "updated_at") VALUES (?, ?, ?, ?, ?, ?, ?)[0m  [["name", "Orbital Sciences Duck"], ["description", "Rhetoric is the art of ruling the minds of men."], ["seller_id", 7], ["asking_price", 15.0], ["end_date", "2001-07-24"], ["created_at", "2020-11-06 17:07:33.327115"], ["updated_at", "2020-11-06 17:07:33.327115"]]
  ↳ app/models/user.rb:8:in `add_item'
  [1m[35m (1.2ms)[0m  [1m[36mcommit transaction[0m
  ↳ app/models/user.rb:8:in `add_item'
  [1m[35m (0.1ms)[0m  [1m[36mbegin transaction[0m
  ↳ app/models/user.rb:8:in `add_item'
  [1m[36mUser Load (0.3ms)[0m  [1m[34mSELECT "users".* FROM "users" WHERE "users"."id" = ? LIMIT ?[0m  [["id", 7], ["LIMIT", 1]]
  ↳ app/models/user.rb:8:in `add_item'
  [1m[36mItem Create (0.5ms)[0m  [1m[32mINSERT INTO "items" ("name", "description", "seller_id", "asking_price", "end_date", "created_at", "updated_at") VALUES (?, ?, ?, ?, ?, ?, ?)[0m  [["name", "JPL Duck"], ["description", "Know how to listen, and you will profit even from those who talk badly."], ["seller_id", 7], ["asking_price", 8.0], ["end_date", "2004-06-11"], ["created_at", "2020-11-06 17:07:33.338396"], ["updated_at", "2020-11-06 17:07:33.338396"]]
  ↳ app/models/user.rb:8:in `add_item'
  [1m[35m (1.1ms)[0m  [1m[36mcommit transaction[0m
  ↳ app/models/user.rb:8:in `add_item'
  [1m[35m (0.1ms)[0m  [1m[36mbegin transaction[0m
  ↳ app/models/user.rb:8:in `add_item'
  [1m[36mUser Load (0.2ms)[0m  [1m[34mSELECT "users".* FROM "users" WHERE "users"."id" = ? LIMIT ?[0m  [["id", 7], ["LIMIT", 1]]
  ↳ app/models/user.rb:8:in `add_item'
  [1m[36mItem Create (0.6ms)[0m  [1m[32mINSERT INTO "items" ("name", "description", "seller_id", "asking_price", "end_date", "created_at", "updated_at") VALUES (?, ?, ?, ?, ?, ?, ?)[0m  [["name", "JPL Duck"], ["description", "Love is composed of a single soul inhabiting two bodies."], ["seller_id", 7], ["asking_price", 14.0], ["end_date", "2007-10-23"], ["created_at", "2020-11-06 17:07:33.349132"], ["updated_at", "2020-11-06 17:07:33.349132"]]
  ↳ app/models/user.rb:8:in `add_item'
  [1m[35m (1.4ms)[0m  [1m[36mcommit transaction[0m
  ↳ app/models/user.rb:8:in `add_item'
  [1m[35m (0.1ms)[0m  [1m[36mbegin transaction[0m
  ↳ app/models/user.rb:8:in `add_item'
  [1m[36mUser Load (0.2ms)[0m  [1m[34mSELECT "users".* FROM "users" WHERE "users"."id" = ? LIMIT ?[0m  [["id", 7], ["LIMIT", 1]]
  ↳ app/models/user.rb:8:in `add_item'
  [1m[36mItem Create (0.6ms)[0m  [1m[32mINSERT INTO "items" ("name", "description", "seller_id", "asking_price", "end_date", "created_at", "updated_at") VALUES (?, ?, ?, ?, ?, ?, ?)[0m  [["name", "Bigelow Aerospace Duck"], ["description", "The unexamined life is not worth living."], ["seller_id", 7], ["asking_price", 11.0], ["end_date", "2001-09-22"], ["created_at", "2020-11-06 17:07:33.360031"], ["updated_at", "2020-11-06 17:07:33.360031"]]
  ↳ app/models/user.rb:8:in `add_item'
  [1m[35m (1.2ms)[0m  [1m[36mcommit transaction[0m
  ↳ app/models/user.rb:8:in `add_item'
  [1m[35m (0.1ms)[0m  [1m[36mbegin transaction[0m
  [1m[36mUser Create (0.6ms)[0m  [1m[32mINSERT INTO "users" ("username", "balance", "created_at", "updated_at") VALUES (?, ?, ?, ?)[0m  [["username", "Renoir"], ["balance", 50.0], ["created_at", "2020-11-06 17:07:33.366289"], ["updated_at", "2020-11-06 17:07:33.366289"]]
  [1m[35m (1.3ms)[0m  [1m[36mcommit transaction[0m
  [1m[35m (0.1ms)[0m  [1m[36mbegin transaction[0m
  ↳ app/models/user.rb:8:in `add_item'
  [1m[36mUser Load (0.2ms)[0m  [1m[34mSELECT "users".* FROM "users" WHERE "users"."id" = ? LIMIT ?[0m  [["id", 8], ["LIMIT", 1]]
  ↳ app/models/user.rb:8:in `add_item'
  [1m[36mItem Create (0.7ms)[0m  [1m[32mINSERT INTO "items" ("name", "description", "seller_id", "asking_price", "end_date", "created_at", "updated_at") VALUES (?, ?, ?, ?, ?, ?, ?)[0m  [["name", "Bigelow Aerospace Duck"], ["description", "The mind is not a vessel to be filled but a fire to be kindled."], ["seller_id", 8], ["asking_price", 21.0], ["end_date", "1987-09-06"], ["created_at", "2020-11-06 17:07:33.378648"], ["updated_at", "2020-11-06 17:07:33.378648"]]
  ↳ app/models/user.rb:8:in `add_item'
  [1m[35m (1.2ms)[0m  [1m[36mcommit transaction[0m
  ↳ app/models/user.rb:8:in `add_item'
  [1m[35m (0.1ms)[0m  [1m[36mbegin transaction[0m
  ↳ app/models/user.rb:8:in `add_item'
  [1m[36mUser Load (0.3ms)[0m  [1m[34mSELECT "users".* FROM "users" WHERE "users"."id" = ? LIMIT ?[0m  [["id", 8], ["LIMIT", 1]]
  ↳ app/models/user.rb:8:in `add_item'
  [1m[36mItem Create (0.5ms)[0m  [1m[32mINSERT INTO "items" ("name", "description", "seller_id", "asking_price", "end_date", "created_at", "updated_at") VALUES (?, ?, ?, ?, ?, ?, ?)[0m  [["name", "Blue Origin Duck"], ["description", "Dignity does not consist in possessing honors, but in deserving them."], ["seller_id", 8], ["asking_price", 17.0], ["end_date", "2001-09-02"], ["created_at", "2020-11-06 17:07:33.389841"], ["updated_at", "2020-11-06 17:07:33.389841"]]
  ↳ app/models/user.rb:8:in `add_item'
  [1m[35m (1.3ms)[0m  [1m[36mcommit transaction[0m
  ↳ app/models/user.rb:8:in `add_item'
  [1m[35m (0.1ms)[0m  [1m[36mbegin transaction[0m
  ↳ app/models/user.rb:8:in `add_item'
  [1m[36mUser Load (0.3ms)[0m  [1m[34mSELECT "users".* FROM "users" WHERE "users"."id" = ? LIMIT ?[0m  [["id", 8], ["LIMIT", 1]]
  ↳ app/models/user.rb:8:in `add_item'
  [1m[36mItem Create (0.6ms)[0m  [1m[32mINSERT INTO "items" ("name", "description", "seller_id", "asking_price", "end_date", "created_at", "updated_at") VALUES (?, ?, ?, ?, ?, ?, ?)[0m  [["name", "Virgin Galactic Duck"], ["description", "It is impossible to begin to learn that which one thinks one already knows."], ["seller_id", 8], ["asking_price", 11.0], ["end_date", "1997-04-17"], ["created_at", "2020-11-06 17:07:33.402143"], ["updated_at", "2020-11-06 17:07:33.402143"]]
  ↳ app/models/user.rb:8:in `add_item'
  [1m[35m (1.4ms)[0m  [1m[36mcommit transaction[0m
  ↳ app/models/user.rb:8:in `add_item'
  [1m[35m (0.1ms)[0m  [1m[36mbegin transaction[0m
  [1m[36mUser Create (0.9ms)[0m  [1m[32mINSERT INTO "users" ("username", "balance", "created_at", "updated_at") VALUES (?, ?, ?, ?)[0m  [["username", "Paul Klee"], ["balance", 50.0], ["created_at", "2020-11-06 17:07:33.409475"], ["updated_at", "2020-11-06 17:07:33.409475"]]
  [1m[35m (1.5ms)[0m  [1m[36mcommit transaction[0m
  [1m[35m (0.1ms)[0m  [1m[36mbegin transaction[0m
  ↳ app/models/user.rb:8:in `add_item'
  [1m[36mUser Load (0.2ms)[0m  [1m[34mSELECT "users".* FROM "users" WHERE "users"."id" = ? LIMIT ?[0m  [["id", 9], ["LIMIT", 1]]
  ↳ app/models/user.rb:8:in `add_item'
  [1m[36mItem Create (0.9ms)[0m  [1m[32mINSERT INTO "items" ("name", "description", "seller_id", "asking_price", "end_date", "created_at", "updated_at") VALUES (?, ?, ?, ?, ?, ?, ?)[0m  [["name", "NASA Jet Propulsion Laboratory Duck"], ["description", "The mind is not a vessel to be filled but a fire to be kindled."], ["seller_id", 9], ["asking_price", 22.0], ["end_date", "2003-05-01"], ["created_at", "2020-11-06 17:07:33.424014"], ["updated_at", "2020-11-06 17:07:33.424014"]]
  ↳ app/models/user.rb:8:in `add_item'
  [1m[35m (1.5ms)[0m  [1m[36mcommit transaction[0m
  ↳ app/models/user.rb:8:in `add_item'
  [1m[35m (0.1ms)[0m  [1m[36mbegin transaction[0m
  ↳ app/models/user.rb:8:in `add_item'
  [1m[36mUser Load (0.2ms)[0m  [1m[34mSELECT "users".* FROM "users" WHERE "users"."id" = ? LIMIT ?[0m  [["id", 9], ["LIMIT", 1]]
  ↳ app/models/user.rb:8:in `add_item'
  [1m[36mItem Create (0.5ms)[0m  [1m[32mINSERT INTO "items" ("name", "description", "seller_id", "asking_price", "end_date", "created_at", "updated_at") VALUES (?, ?, ?, ?, ?, ?, ?)[0m  [["name", "Virgin Galactic Duck"], ["description", "There was never a genius without a tincture of madness."], ["seller_id", 9], ["asking_price", 12.0], ["end_date", "1995-12-21"], ["created_at", "2020-11-06 17:07:33.437048"], ["updated_at", "2020-11-06 17:07:33.437048"]]
  ↳ app/models/user.rb:8:in `add_item'
  [1m[35m (1.2ms)[0m  [1m[36mcommit transaction[0m
  ↳ app/models/user.rb:8:in `add_item'
  [1m[35m (0.1ms)[0m  [1m[36mbegin transaction[0m
  [1m[36mUser Create (0.7ms)[0m  [1m[32mINSERT INTO "users" ("username", "balance", "created_at", "updated_at") VALUES (?, ?, ?, ?)[0m  [["username", "Durer"], ["balance", 50.0], ["created_at", "2020-11-06 17:07:33.443628"], ["updated_at", "2020-11-06 17:07:33.443628"]]
  [1m[35m (1.4ms)[0m  [1m[36mcommit transaction[0m
  [1m[35m (0.1ms)[0m  [1m[36mbegin transaction[0m
  ↳ app/models/user.rb:8:in `add_item'
  [1m[36mUser Load (0.2ms)[0m  [1m[34mSELECT "users".* FROM "users" WHERE "users"."id" = ? LIMIT ?[0m  [["id", 10], ["LIMIT", 1]]
  ↳ app/models/user.rb:8:in `add_item'
  [1m[36mItem Create (0.9ms)[0m  [1m[32mINSERT INTO "items" ("name", "description", "seller_id", "asking_price", "end_date", "created_at", "updated_at") VALUES (?, ?, ?, ?, ?, ?, ?)[0m  [["name", "NASA Jet Propulsion Laboratory Duck"], ["description", "Love is composed of a single soul inhabiting two bodies."], ["seller_id", 10], ["asking_price", 28.0], ["end_date", "1983-10-18"], ["created_at", "2020-11-06 17:07:33.460650"], ["updated_at", "2020-11-06 17:07:33.460650"]]
  ↳ app/models/user.rb:8:in `add_item'
  [1m[35m (1.3ms)[0m  [1m[36mcommit transaction[0m
  ↳ app/models/user.rb:8:in `add_item'
  [1m[35m (0.1ms)[0m  [1m[36mbegin transaction[0m
  ↳ app/models/user.rb:8:in `add_item'
  [1m[36mUser Load (0.2ms)[0m  [1m[34mSELECT "users".* FROM "users" WHERE "users"."id" = ? LIMIT ?[0m  [["id", 10], ["LIMIT", 1]]
  ↳ app/models/user.rb:8:in `add_item'
  [1m[36mItem Create (0.7ms)[0m  [1m[32mINSERT INTO "items" ("name", "description", "seller_id", "asking_price", "end_date", "created_at", "updated_at") VALUES (?, ?, ?, ?, ?, ?, ?)[0m  [["name", "SpaceDev Duck"], ["description", "Quality is not an act, it is a habit."], ["seller_id", 10], ["asking_price", 20.0], ["end_date", "2011-06-12"], ["created_at", "2020-11-06 17:07:33.475147"], ["updated_at", "2020-11-06 17:07:33.475147"]]
  ↳ app/models/user.rb:8:in `add_item'
  [1m[35m (1.3ms)[0m  [1m[36mcommit transaction[0m
  ↳ app/models/user.rb:8:in `add_item'
  [1m[35m (0.1ms)[0m  [1m[36mbegin transaction[0m
  [1m[36mUser Create (0.6ms)[0m  [1m[32mINSERT INTO "users" ("username", "balance", "created_at", "updated_at") VALUES (?, ?, ?, ?)[0m  [["username", "Cezanne"], ["balance", 50.0], ["created_at", "2020-11-06 17:07:33.482956"], ["updated_at", "2020-11-06 17:07:33.482956"]]
  [1m[35m (1.2ms)[0m  [1m[36mcommit transaction[0m
  [1m[35m (0.1ms)[0m  [1m[36mbegin transaction[0m
  ↳ app/models/user.rb:8:in `add_item'
  [1m[36mUser Load (0.2ms)[0m  [1m[34mSELECT "users".* FROM "users" WHERE "users"."id" = ? LIMIT ?[0m  [["id", 11], ["LIMIT", 1]]
  ↳ app/models/user.rb:8:in `add_item'
  [1m[36mItem Create (0.6ms)[0m  [1m[32mINSERT INTO "items" ("name", "description", "seller_id", "asking_price", "end_date", "created_at", "updated_at") VALUES (?, ?, ?, ?, ?, ?, ?)[0m  [["name", "SpaceX' Duck"], ["description", "Philosophy is the highest music."], ["seller_id", 11], ["asking_price", 29.0], ["end_date", "1991-11-02"], ["created_at", "2020-11-06 17:07:33.499014"], ["updated_at", "2020-11-06 17:07:33.499014"]]
  ↳ app/models/user.rb:8:in `add_item'
  [1m[35m (1.4ms)[0m  [1m[36mcommit transaction[0m
  ↳ app/models/user.rb:8:in `add_item'
  [1m[35m (0.1ms)[0m  [1m[36mbegin transaction[0m
  ↳ app/models/user.rb:8:in `add_item'
  [1m[36mUser Load (0.2ms)[0m  [1m[34mSELECT "users".* FROM "users" WHERE "users"."id" = ? LIMIT ?[0m  [["id", 11], ["LIMIT", 1]]
  ↳ app/models/user.rb:8:in `add_item'
  [1m[36mItem Create (0.8ms)[0m  [1m[32mINSERT INTO "items" ("name", "description", "seller_id", "asking_price", "end_date", "created_at", "updated_at") VALUES (?, ?, ?, ?, ?, ?, ?)[0m  [["name", "Rocket Lab Duck"], ["description", "Dignity does not consist in possessing honors, but in deserving them."], ["seller_id", 11], ["asking_price", 12.0], ["end_date", "1981-05-19"], ["created_at", "2020-11-06 17:07:33.512309"], ["updated_at", "2020-11-06 17:07:33.512309"]]
  ↳ app/models/user.rb:8:in `add_item'
  [1m[35m (1.5ms)[0m  [1m[36mcommit transaction[0m
  ↳ app/models/user.rb:8:in `add_item'
  [1m[35m (0.1ms)[0m  [1m[36mbegin transaction[0m
  [1m[36mUser Create (0.6ms)[0m  [1m[32mINSERT INTO "users" ("username", "balance", "created_at", "updated_at") VALUES (?, ?, ?, ?)[0m  [["username", "Rubens"], ["balance", 50.0], ["created_at", "2020-11-06 17:07:33.520470"], ["updated_at", "2020-11-06 17:07:33.520470"]]
  [1m[35m (1.5ms)[0m  [1m[36mcommit transaction[0m
  [1m[35m (0.1ms)[0m  [1m[36mbegin transaction[0m
  ↳ app/models/user.rb:8:in `add_item'
  [1m[36mUser Load (0.3ms)[0m  [1m[34mSELECT "users".* FROM "users" WHERE "users"."id" = ? LIMIT ?[0m  [["id", 12], ["LIMIT", 1]]
  ↳ app/models/user.rb:8:in `add_item'
  [1m[36mItem Create (0.6ms)[0m  [1m[32mINSERT INTO "items" ("name", "description", "seller_id", "asking_price", "end_date", "created_at", "updated_at") VALUES (?, ?, ?, ?, ?, ?, ?)[0m  [["name", "SpaceDev Duck"], ["description", "There was never a genius without a tincture of madness."], ["seller_id", 12], ["asking_price", 16.0], ["end_date", "1981-10-11"], ["created_at", "2020-11-06 17:07:33.534533"], ["updated_at", "2020-11-06 17:07:33.534533"]]
  ↳ app/models/user.rb:8:in `add_item'
  [1m[35m (1.3ms)[0m  [1m[36mcommit transaction[0m
  ↳ app/models/user.rb:8:in `add_item'
  [1m[35m (0.1ms)[0m  [1m[36mbegin transaction[0m
  ↳ app/models/user.rb:8:in `add_item'
  [1m[36mUser Load (0.3ms)[0m  [1m[34mSELECT "users".* FROM "users" WHERE "users"."id" = ? LIMIT ?[0m  [["id", 12], ["LIMIT", 1]]
  ↳ app/models/user.rb:8:in `add_item'
  [1m[36mItem Create (0.6ms)[0m  [1m[32mINSERT INTO "items" ("name", "description", "seller_id", "asking_price", "end_date", "created_at", "updated_at") VALUES (?, ?, ?, ?, ?, ?, ?)[0m  [["name", "SpaceX' Duck"], ["description", "There was never a genius without a tincture of madness."], ["seller_id", 12], ["asking_price", 5.0], ["end_date", "1999-06-05"], ["created_at", "2020-11-06 17:07:33.547015"], ["updated_at", "2020-11-06 17:07:33.547015"]]
  ↳ app/models/user.rb:8:in `add_item'
  [1m[35m (1.3ms)[0m  [1m[36mcommit transaction[0m
  ↳ app/models/user.rb:8:in `add_item'
  [1m[35m (0.1ms)[0m  [1m[36mbegin transaction[0m
  ↳ app/models/user.rb:8:in `add_item'
  [1m[36mUser Load (0.2ms)[0m  [1m[34mSELECT "users".* FROM "users" WHERE "users"."id" = ? LIMIT ?[0m  [["id", 12], ["LIMIT", 1]]
  ↳ app/models/user.rb:8:in `add_item'
  [1m[36mItem Create (0.7ms)[0m  [1m[32mINSERT INTO "items" ("name", "description", "seller_id", "asking_price", "end_date", "created_at", "updated_at") VALUES (?, ?, ?, ?, ?, ?, ?)[0m  [["name", "SpaceX' Duck"], ["description", "Most people would rather give than get affection."], ["seller_id", 12], ["asking_price", 8.0], ["end_date", "1981-10-22"], ["created_at", "2020-11-06 17:07:33.560232"], ["updated_at", "2020-11-06 17:07:33.560232"]]
  ↳ app/models/user.rb:8:in `add_item'
  [1m[35m (1.3ms)[0m  [1m[36mcommit transaction[0m
  ↳ app/models/user.rb:8:in `add_item'
  [1m[35m (0.1ms)[0m  [1m[36mbegin transaction[0m
  ↳ app/models/user.rb:8:in `add_item'
  [1m[36mUser Load (0.2ms)[0m  [1m[34mSELECT "users".* FROM "users" WHERE "users"."id" = ? LIMIT ?[0m  [["id", 12], ["LIMIT", 1]]
  ↳ app/models/user.rb:8:in `add_item'
  [1m[36mItem Create (0.6ms)[0m  [1m[32mINSERT INTO "items" ("name", "description", "seller_id", "asking_price", "end_date", "created_at", "updated_at") VALUES (?, ?, ?, ?, ?, ?, ?)[0m  [["name", "Bigelow Aerospace Duck"], ["description", "Rhetoric is the art of ruling the minds of men."], ["seller_id", 12], ["asking_price", 24.0], ["end_date", "1977-09-08"], ["created_at", "2020-11-06 17:07:33.572269"], ["updated_at", "2020-11-06 17:07:33.572269"]]
  ↳ app/models/user.rb:8:in `add_item'
  [1m[35m (1.5ms)[0m  [1m[36mcommit transaction[0m
  ↳ app/models/user.rb:8:in `add_item'
  [1m[35m (0.2ms)[0m  [1m[36mbegin transaction[0m
  [1m[36mUser Create (0.6ms)[0m  [1m[32mINSERT INTO "users" ("username", "balance", "created_at", "updated_at") VALUES (?, ?, ?, ?)[0m  [["username", "Gauguin"], ["balance", 50.0], ["created_at", "2020-11-06 17:07:33.579686"], ["updated_at", "2020-11-06 17:07:33.579686"]]
  [1m[35m (1.2ms)[0m  [1m[36mcommit transaction[0m
  [1m[35m (0.1ms)[0m  [1m[36mbegin transaction[0m
  ↳ app/models/user.rb:8:in `add_item'
  [1m[36mUser Load (0.2ms)[0m  [1m[34mSELECT "users".* FROM "users" WHERE "users"."id" = ? LIMIT ?[0m  [["id", 13], ["LIMIT", 1]]
  ↳ app/models/user.rb:8:in `add_item'
  [1m[36mItem Create (0.9ms)[0m  [1m[32mINSERT INTO "items" ("name", "description", "seller_id", "asking_price", "end_date", "created_at", "updated_at") VALUES (?, ?, ?, ?, ?, ?, ?)[0m  [["name", "Rocket Lab Duck"], ["description", "Most people would rather give than get affection."], ["seller_id", 13], ["asking_price", 5.0], ["end_date", "1980-06-27"], ["created_at", "2020-11-06 17:07:33.591436"], ["updated_at", "2020-11-06 17:07:33.591436"]]
  ↳ app/models/user.rb:8:in `add_item'
  [1m[35m (1.3ms)[0m  [1m[36mcommit transaction[0m
  ↳ app/models/user.rb:8:in `add_item'
  [1m[35m (0.1ms)[0m  [1m[36mbegin transaction[0m
  ↳ app/models/user.rb:8:in `add_item'
  [1m[36mUser Load (0.2ms)[0m  [1m[34mSELECT "users".* FROM "users" WHERE "users"."id" = ? LIMIT ?[0m  [["id", 13], ["LIMIT", 1]]
  ↳ app/models/user.rb:8:in `add_item'
  [1m[36mItem Create (0.5ms)[0m  [1m[32mINSERT INTO "items" ("name", "description", "seller_id", "asking_price", "end_date", "created_at", "updated_at") VALUES (?, ?, ?, ?, ?, ?, ?)[0m  [["name", "Bigelow Aerospace Duck"], ["description", "Only the educated are free."], ["seller_id", 13], ["asking_price", 16.0], ["end_date", "1990-10-18"], ["created_at", "2020-11-06 17:07:33.604803"], ["updated_at", "2020-11-06 17:07:33.604803"]]
  ↳ app/models/user.rb:8:in `add_item'
  [1m[35m (1.2ms)[0m  [1m[36mcommit transaction[0m
  ↳ app/models/user.rb:8:in `add_item'
  [1m[35m (0.1ms)[0m  [1m[36mbegin transaction[0m
  ↳ app/models/user.rb:8:in `add_item'
  [1m[36mUser Load (0.2ms)[0m  [1m[34mSELECT "users".* FROM "users" WHERE "users"."id" = ? LIMIT ?[0m  [["id", 13], ["LIMIT", 1]]
  ↳ app/models/user.rb:8:in `add_item'
  [1m[36mItem Create (0.5ms)[0m  [1m[32mINSERT INTO "items" ("name", "description", "seller_id", "asking_price", "end_date", "created_at", "updated_at") VALUES (?, ?, ?, ?, ?, ?, ?)[0m  [["name", "SpaceX' Duck"], ["description", "Control thy passions lest they take vengence on thee."], ["seller_id", 13], ["asking_price", 20.0], ["end_date", "1971-12-20"], ["created_at", "2020-11-06 17:07:33.617176"], ["updated_at", "2020-11-06 17:07:33.617176"]]
  ↳ app/models/user.rb:8:in `add_item'
  [1m[35m (1.2ms)[0m  [1m[36mcommit transaction[0m
  ↳ app/models/user.rb:8:in `add_item'
  [1m[35m (0.1ms)[0m  [1m[36mbegin transaction[0m
  ↳ app/models/user.rb:8:in `add_item'
  [1m[36mUser Load (0.2ms)[0m  [1m[34mSELECT "users".* FROM "users" WHERE "users"."id" = ? LIMIT ?[0m  [["id", 13], ["LIMIT", 1]]
  ↳ app/models/user.rb:8:in `add_item'
  [1m[36mItem Create (0.6ms)[0m  [1m[32mINSERT INTO "items" ("name", "description", "seller_id", "asking_price", "end_date", "created_at", "updated_at") VALUES (?, ?, ?, ?, ?, ?, ?)[0m  [["name", "SpaceDev Duck"], ["description", "Most people would rather give than get affection."], ["seller_id", 13], ["asking_price", 16.0], ["end_date", "1986-04-09"], ["created_at", "2020-11-06 17:07:33.628144"], ["updated_at", "2020-11-06 17:07:33.628144"]]
  ↳ app/models/user.rb:8:in `add_item'
  [1m[35m (1.3ms)[0m  [1m[36mcommit transaction[0m
  ↳ app/models/user.rb:8:in `add_item'
  [1m[35m (0.1ms)[0m  [1m[36mbegin transaction[0m
  [1m[36mUser Create (0.8ms)[0m  [1m[32mINSERT INTO "users" ("username", "balance", "created_at", "updated_at") VALUES (?, ?, ?, ?)[0m  [["username", "Rothko"], ["balance", 50.0], ["created_at", "2020-11-06 17:07:33.635885"], ["updated_at", "2020-11-06 17:07:33.635885"]]
  [1m[35m (1.2ms)[0m  [1m[36mcommit transaction[0m
  [1m[35m (0.1ms)[0m  [1m[36mbegin transaction[0m
  ↳ app/models/user.rb:8:in `add_item'
  [1m[36mUser Load (0.3ms)[0m  [1m[34mSELECT "users".* FROM "users" WHERE "users"."id" = ? LIMIT ?[0m  [["id", 14], ["LIMIT", 1]]
  ↳ app/models/user.rb:8:in `add_item'
  [1m[36mItem Create (0.7ms)[0m  [1m[32mINSERT INTO "items" ("name", "description", "seller_id", "asking_price", "end_date", "created_at", "updated_at") VALUES (?, ?, ?, ?, ?, ?, ?)[0m  [["name", "NASA Jet Propulsion Laboratory Duck"], ["description", "Rhetoric is the art of ruling the minds of men."], ["seller_id", 14], ["asking_price", 20.0], ["end_date", "1973-11-01"], ["created_at", "2020-11-06 17:07:33.650835"], ["updated_at", "2020-11-06 17:07:33.650835"]]
  ↳ app/models/user.rb:8:in `add_item'
  [1m[35m (1.3ms)[0m  [1m[36mcommit transaction[0m
  ↳ app/models/user.rb:8:in `add_item'
  [1m[35m (0.1ms)[0m  [1m[36mbegin transaction[0m
  ↳ app/models/user.rb:8:in `add_item'
  [1m[36mUser Load (0.2ms)[0m  [1m[34mSELECT "users".* FROM "users" WHERE "users"."id" = ? LIMIT ?[0m  [["id", 14], ["LIMIT", 1]]
  ↳ app/models/user.rb:8:in `add_item'
  [1m[36mItem Create (0.8ms)[0m  [1m[32mINSERT INTO "items" ("name", "description", "seller_id", "asking_price", "end_date", "created_at", "updated_at") VALUES (?, ?, ?, ?, ?, ?, ?)[0m  [["name", "Blue Origin Duck"], ["description", "The unexamined life is not worth living."], ["seller_id", 14], ["asking_price", 22.0], ["end_date", "1990-12-09"], ["created_at", "2020-11-06 17:07:33.663466"], ["updated_at", "2020-11-06 17:07:33.663466"]]
  ↳ app/models/user.rb:8:in `add_item'
  [1m[35m (1.4ms)[0m  [1m[36mcommit transaction[0m
  ↳ app/models/user.rb:8:in `add_item'
  [1m[35m (0.1ms)[0m  [1m[36mbegin transaction[0m
  ↳ app/models/user.rb:8:in `add_item'
  [1m[36mUser Load (0.2ms)[0m  [1m[34mSELECT "users".* FROM "users" WHERE "users"."id" = ? LIMIT ?[0m  [["id", 14], ["LIMIT", 1]]
  ↳ app/models/user.rb:8:in `add_item'
  [1m[36mItem Create (0.6ms)[0m  [1m[32mINSERT INTO "items" ("name", "description", "seller_id", "asking_price", "end_date", "created_at", "updated_at") VALUES (?, ?, ?, ?, ?, ?, ?)[0m  [["name", "JPL Duck"], ["description", "Most people would rather give than get affection."], ["seller_id", 14], ["asking_price", 16.0], ["end_date", "1984-06-09"], ["created_at", "2020-11-06 17:07:33.675782"], ["updated_at", "2020-11-06 17:07:33.675782"]]
  ↳ app/models/user.rb:8:in `add_item'
  [1m[35m (1.7ms)[0m  [1m[36mcommit transaction[0m
  ↳ app/models/user.rb:8:in `add_item'
  [1m[35m (0.3ms)[0m  [1m[36mbegin transaction[0m
  ↳ app/models/user.rb:8:in `add_item'
  [1m[36mUser Load (0.2ms)[0m  [1m[34mSELECT "users".* FROM "users" WHERE "users"."id" = ? LIMIT ?[0m  [["id", 14], ["LIMIT", 1]]
  ↳ app/models/user.rb:8:in `add_item'
  [1m[36mItem Create (0.6ms)[0m  [1m[32mINSERT INTO "items" ("name", "description", "seller_id", "asking_price", "end_date", "created_at", "updated_at") VALUES (?, ?, ?, ?, ?, ?, ?)[0m  [["name", "NASA Jet Propulsion Laboratory Duck"], ["description", "Know how to listen, and you will profit even from those who talk badly."], ["seller_id", 14], ["asking_price", 6.0], ["end_date", "1997-10-21"], ["created_at", "2020-11-06 17:07:33.687993"], ["updated_at", "2020-11-06 17:07:33.687993"]]
  ↳ app/models/user.rb:8:in `add_item'
  [1m[35m (1.4ms)[0m  [1m[36mcommit transaction[0m
  ↳ app/models/user.rb:8:in `add_item'
  [1m[35m (0.1ms)[0m  [1m[36mbegin transaction[0m
  [1m[36mUser Create (0.7ms)[0m  [1m[32mINSERT INTO "users" ("username", "balance", "created_at", "updated_at") VALUES (?, ?, ?, ?)[0m  [["username", "Rembrandt"], ["balance", 50.0], ["created_at", "2020-11-06 17:07:33.694664"], ["updated_at", "2020-11-06 17:07:33.694664"]]
  [1m[35m (1.3ms)[0m  [1m[36mcommit transaction[0m
  [1m[35m (0.1ms)[0m  [1m[36mbegin transaction[0m
  ↳ app/models/user.rb:8:in `add_item'
  [1m[36mUser Load (0.4ms)[0m  [1m[34mSELECT "users".* FROM "users" WHERE "users"."id" = ? LIMIT ?[0m  [["id", 15], ["LIMIT", 1]]
  ↳ app/models/user.rb:8:in `add_item'
  [1m[36mItem Create (0.6ms)[0m  [1m[32mINSERT INTO "items" ("name", "description", "seller_id", "asking_price", "end_date", "created_at", "updated_at") VALUES (?, ?, ?, ?, ?, ?, ?)[0m  [["name", "Orbital Sciences Duck"], ["description", "The secret to humor is surprise."], ["seller_id", 15], ["asking_price", 18.0], ["end_date", "1986-01-16"], ["created_at", "2020-11-06 17:07:33.709106"], ["updated_at", "2020-11-06 17:07:33.709106"]]
  ↳ app/models/user.rb:8:in `add_item'
  [1m[35m (1.5ms)[0m  [1m[36mcommit transaction[0m
  ↳ app/models/user.rb:8:in `add_item'
  [1m[35m (0.1ms)[0m  [1m[36mbegin transaction[0m
  ↳ app/models/user.rb:8:in `add_item'
  [1m[36mUser Load (0.2ms)[0m  [1m[34mSELECT "users".* FROM "users" WHERE "users"."id" = ? LIMIT ?[0m  [["id", 15], ["LIMIT", 1]]
  ↳ app/models/user.rb:8:in `add_item'
  [1m[36mItem Create (0.8ms)[0m  [1m[32mINSERT INTO "items" ("name", "description", "seller_id", "asking_price", "end_date", "created_at", "updated_at") VALUES (?, ?, ?, ?, ?, ?, ?)[0m  [["name", "Rocket Lab Duck"], ["description", "The virtue of justice consists in moderation, as regulated by wisdom."], ["seller_id", 15], ["asking_price", 9.0], ["end_date", "2018-01-03"], ["created_at", "2020-11-06 17:07:33.721536"], ["updated_at", "2020-11-06 17:07:33.721536"]]
  ↳ app/models/user.rb:8:in `add_item'
  [1m[35m (1.0ms)[0m  [1m[36mcommit transaction[0m
  ↳ app/models/user.rb:8:in `add_item'
  [1m[35m (0.2ms)[0m  [1m[36mbegin transaction[0m
  [1m[36mUser Create (0.7ms)[0m  [1m[32mINSERT INTO "users" ("username", "balance", "created_at", "updated_at") VALUES (?, ?, ?, ?)[0m  [["username", "Escher"], ["balance", 50.0], ["created_at", "2020-11-06 17:07:33.727910"], ["updated_at", "2020-11-06 17:07:33.727910"]]
  [1m[35m (1.3ms)[0m  [1m[36mcommit transaction[0m
  [1m[35m (0.1ms)[0m  [1m[36mbegin transaction[0m
  ↳ app/models/user.rb:8:in `add_item'
  [1m[36mUser Load (0.2ms)[0m  [1m[34mSELECT "users".* FROM "users" WHERE "users"."id" = ? LIMIT ?[0m  [["id", 16], ["LIMIT", 1]]
  ↳ app/models/user.rb:8:in `add_item'
  [1m[36mItem Create (0.5ms)[0m  [1m[32mINSERT INTO "items" ("name", "description", "seller_id", "asking_price", "end_date", "created_at", "updated_at") VALUES (?, ?, ?, ?, ?, ?, ?)[0m  [["name", "SpaceDev Duck"], ["description", "The mind is not a vessel to be filled but a fire to be kindled."], ["seller_id", 16], ["asking_price", 27.0], ["end_date", "1984-07-26"], ["created_at", "2020-11-06 17:07:33.741833"], ["updated_at", "2020-11-06 17:07:33.741833"]]
  ↳ app/models/user.rb:8:in `add_item'
  [1m[35m (1.4ms)[0m  [1m[36mcommit transaction[0m
  ↳ app/models/user.rb:8:in `add_item'
  [1m[35m (0.1ms)[0m  [1m[36mbegin transaction[0m
  ↳ app/models/user.rb:8:in `add_item'
  [1m[36mUser Load (0.2ms)[0m  [1m[34mSELECT "users".* FROM "users" WHERE "users"."id" = ? LIMIT ?[0m  [["id", 16], ["LIMIT", 1]]
  ↳ app/models/user.rb:8:in `add_item'
  [1m[36mItem Create (0.5ms)[0m  [1m[32mINSERT INTO "items" ("name", "description", "seller_id", "asking_price", "end_date", "created_at", "updated_at") VALUES (?, ?, ?, ?, ?, ?, ?)[0m  [["name", "Bigelow Aerospace Duck"], ["description", "Philosophy is the highest music."], ["seller_id", 16], ["asking_price", 6.0], ["end_date", "2015-08-28"], ["created_at", "2020-11-06 17:07:33.755032"], ["updated_at", "2020-11-06 17:07:33.755032"]]
  ↳ app/models/user.rb:8:in `add_item'
  [1m[35m (1.3ms)[0m  [1m[36mcommit transaction[0m
  ↳ app/models/user.rb:8:in `add_item'
  [1m[35m (0.1ms)[0m  [1m[36mbegin transaction[0m
  [1m[36mUser Create (0.6ms)[0m  [1m[32mINSERT INTO "users" ("username", "balance", "created_at", "updated_at") VALUES (?, ?, ?, ?)[0m  [["username", "Chagall"], ["balance", 50.0], ["created_at", "2020-11-06 17:07:33.761814"], ["updated_at", "2020-11-06 17:07:33.761814"]]
  [1m[35m (1.4ms)[0m  [1m[36mcommit transaction[0m
  [1m[35m (0.1ms)[0m  [1m[36mbegin transaction[0m
  ↳ app/models/user.rb:8:in `add_item'
  [1m[36mUser Load (0.2ms)[0m  [1m[34mSELECT "users".* FROM "users" WHERE "users"."id" = ? LIMIT ?[0m  [["id", 17], ["LIMIT", 1]]
  ↳ app/models/user.rb:8:in `add_item'
  [1m[36mItem Create (0.6ms)[0m  [1m[32mINSERT INTO "items" ("name", "description", "seller_id", "asking_price", "end_date", "created_at", "updated_at") VALUES (?, ?, ?, ?, ?, ?, ?)[0m  [["name", "SpaceX' Duck"], ["description", "Most people would rather give than get affection."], ["seller_id", 17], ["asking_price", 28.0], ["end_date", "1972-07-22"], ["created_at", "2020-11-06 17:07:33.775713"], ["updated_at", "2020-11-06 17:07:33.775713"]]
  ↳ app/models/user.rb:8:in `add_item'
  [1m[35m (1.3ms)[0m  [1m[36mcommit transaction[0m
  ↳ app/models/user.rb:8:in `add_item'
  [1m[35m (0.1ms)[0m  [1m[36mbegin transaction[0m
  ↳ app/models/user.rb:8:in `add_item'
  [1m[36mUser Load (0.3ms)[0m  [1m[34mSELECT "users".* FROM "users" WHERE "users"."id" = ? LIMIT ?[0m  [["id", 17], ["LIMIT", 1]]
  ↳ app/models/user.rb:8:in `add_item'
  [1m[36mItem Create (0.7ms)[0m  [1m[32mINSERT INTO "items" ("name", "description", "seller_id", "asking_price", "end_date", "created_at", "updated_at") VALUES (?, ?, ?, ?, ?, ?, ?)[0m  [["name", "Rocket Lab Duck"], ["description", "The mind is not a vessel to be filled but a fire to be kindled."], ["seller_id", 17], ["asking_price", 18.0], ["end_date", "1975-01-05"], ["created_at", "2020-11-06 17:07:33.818364"], ["updated_at", "2020-11-06 17:07:33.818364"]]
  ↳ app/models/user.rb:8:in `add_item'
  [1m[35m (1.1ms)[0m  [1m[36mcommit transaction[0m
  ↳ app/models/user.rb:8:in `add_item'
  [1m[35m (0.1ms)[0m  [1m[36mbegin transaction[0m
  [1m[36mUser Create (0.7ms)[0m  [1m[32mINSERT INTO "users" ("username", "balance", "created_at", "updated_at") VALUES (?, ?, ?, ?)[0m  [["username", "Vincent"], ["balance", 50.0], ["created_at", "2020-11-06 17:07:33.824523"], ["updated_at", "2020-11-06 17:07:33.824523"]]
  [1m[35m (1.4ms)[0m  [1m[36mcommit transaction[0m
  [1m[35m (0.1ms)[0m  [1m[36mbegin transaction[0m
  ↳ app/models/user.rb:8:in `add_item'
  [1m[36mUser Load (0.2ms)[0m  [1m[34mSELECT "users".* FROM "users" WHERE "users"."id" = ? LIMIT ?[0m  [["id", 18], ["LIMIT", 1]]
  ↳ app/models/user.rb:8:in `add_item'
  [1m[36mItem Create (0.7ms)[0m  [1m[32mINSERT INTO "items" ("name", "description", "seller_id", "asking_price", "end_date", "created_at", "updated_at") VALUES (?, ?, ?, ?, ?, ?, ?)[0m  [["name", "Orbital Sciences Duck"], ["description", "Control thy passions lest they take vengence on thee."], ["seller_id", 18], ["asking_price", 13.0], ["end_date", "2019-11-21"], ["created_at", "2020-11-06 17:07:33.838833"], ["updated_at", "2020-11-06 17:07:33.838833"]]
  ↳ app/models/user.rb:8:in `add_item'
  [1m[35m (1.4ms)[0m  [1m[36mcommit transaction[0m
  ↳ app/models/user.rb:8:in `add_item'
  [1m[35m (0.1ms)[0m  [1m[36mbegin transaction[0m
  ↳ app/models/user.rb:8:in `add_item'
  [1m[36mUser Load (0.4ms)[0m  [1m[34mSELECT "users".* FROM "users" WHERE "users"."id" = ? LIMIT ?[0m  [["id", 18], ["LIMIT", 1]]
  ↳ app/models/user.rb:8:in `add_item'
  [1m[36mItem Create (0.6ms)[0m  [1m[32mINSERT INTO "items" ("name", "description", "seller_id", "asking_price", "end_date", "created_at", "updated_at") VALUES (?, ?, ?, ?, ?, ?, ?)[0m  [["name", "Orbital Sciences Duck"], ["description", "The virtue of justice consists in moderation, as regulated by wisdom."], ["seller_id", 18], ["asking_price", 15.0], ["end_date", "1983-11-15"], ["created_at", "2020-11-06 17:07:33.856004"], ["updated_at", "2020-11-06 17:07:33.856004"]]
  ↳ app/models/user.rb:8:in `add_item'
  [1m[35m (1.4ms)[0m  [1m[36mcommit transaction[0m
  ↳ app/models/user.rb:8:in `add_item'
  [1m[35m (0.1ms)[0m  [1m[36mbegin transaction[0m
  ↳ app/models/user.rb:8:in `add_item'
  [1m[36mUser Load (0.2ms)[0m  [1m[34mSELECT "users".* FROM "users" WHERE "users"."id" = ? LIMIT ?[0m  [["id", 18], ["LIMIT", 1]]
  ↳ app/models/user.rb:8:in `add_item'
  [1m[36mItem Create (0.6ms)[0m  [1m[32mINSERT INTO "items" ("name", "description", "seller_id", "asking_price", "end_date", "created_at", "updated_at") VALUES (?, ?, ?, ?, ?, ?, ?)[0m  [["name", "Orbital Sciences Duck"], ["description", "The secret to humor is surprise."], ["seller_id", 18], ["asking_price", 8.0], ["end_date", "2019-04-26"], ["created_at", "2020-11-06 17:07:33.871765"], ["updated_at", "2020-11-06 17:07:33.871765"]]
  ↳ app/models/user.rb:8:in `add_item'
  [1m[35m (1.2ms)[0m  [1m[36mcommit transaction[0m
  ↳ app/models/user.rb:8:in `add_item'
  [1m[35m (0.2ms)[0m  [1m[36mbegin transaction[0m
  ↳ app/models/user.rb:8:in `add_item'
  [1m[36mUser Load (0.3ms)[0m  [1m[34mSELECT "users".* FROM "users" WHERE "users"."id" = ? LIMIT ?[0m  [["id", 18], ["LIMIT", 1]]
  ↳ app/models/user.rb:8:in `add_item'
  [1m[36mItem Create (0.6ms)[0m  [1m[32mINSERT INTO "items" ("name", "description", "seller_id", "asking_price", "end_date", "created_at", "updated_at") VALUES (?, ?, ?, ?, ?, ?, ?)[0m  [["name", "Rocket Lab Duck"], ["description", "Know how to listen, and you will profit even from those who talk badly."], ["seller_id", 18], ["asking_price", 7.0], ["end_date", "2017-08-31"], ["created_at", "2020-11-06 17:07:33.885985"], ["updated_at", "2020-11-06 17:07:33.885985"]]
  ↳ app/models/user.rb:8:in `add_item'
  [1m[35m (1.4ms)[0m  [1m[36mcommit transaction[0m
  ↳ app/models/user.rb:8:in `add_item'
  [1m[35m (0.1ms)[0m  [1m[36mbegin transaction[0m
  [1m[36mUser Create (0.8ms)[0m  [1m[32mINSERT INTO "users" ("username", "balance", "created_at", "updated_at") VALUES (?, ?, ?, ?)[0m  [["username", "Winslow Homer"], ["balance", 50.0], ["created_at", "2020-11-06 17:07:33.893359"], ["updated_at", "2020-11-06 17:07:33.893359"]]
  [1m[35m (1.6ms)[0m  [1m[36mcommit transaction[0m
  [1m[35m (0.2ms)[0m  [1m[36mbegin transaction[0m
  ↳ app/models/user.rb:8:in `add_item'
  [1m[36mUser Load (0.2ms)[0m  [1m[34mSELECT "users".* FROM "users" WHERE "users"."id" = ? LIMIT ?[0m  [["id", 19], ["LIMIT", 1]]
  ↳ app/models/user.rb:8:in `add_item'
  [1m[36mItem Create (1.7ms)[0m  [1m[32mINSERT INTO "items" ("name", "description", "seller_id", "asking_price", "end_date", "created_at", "updated_at") VALUES (?, ?, ?, ?, ?, ?, ?)[0m  [["name", "Virgin Galactic Duck"], ["description", "The secret to humor is surprise."], ["seller_id", 19], ["asking_price", 29.0], ["end_date", "1993-05-29"], ["created_at", "2020-11-06 17:07:33.909659"], ["updated_at", "2020-11-06 17:07:33.909659"]]
  ↳ app/models/user.rb:8:in `add_item'
  [1m[35m (1.7ms)[0m  [1m[36mcommit transaction[0m
  ↳ app/models/user.rb:8:in `add_item'
  [1m[35m (0.1ms)[0m  [1m[36mbegin transaction[0m
  ↳ app/models/user.rb:8:in `add_item'
  [1m[36mUser Load (0.2ms)[0m  [1m[34mSELECT "users".* FROM "users" WHERE "users"."id" = ? LIMIT ?[0m  [["id", 19], ["LIMIT", 1]]
  ↳ app/models/user.rb:8:in `add_item'
  [1m[36mItem Create (0.9ms)[0m  [1m[32mINSERT INTO "items" ("name", "description", "seller_id", "asking_price", "end_date", "created_at", "updated_at") VALUES (?, ?, ?, ?, ?, ?, ?)[0m  [["name", "JPL Duck"], ["description", "Love is composed of a single soul inhabiting two bodies."], ["seller_id", 19], ["asking_price", 16.0], ["end_date", "1982-08-12"], ["created_at", "2020-11-06 17:07:33.924164"], ["updated_at", "2020-11-06 17:07:33.924164"]]
  ↳ app/models/user.rb:8:in `add_item'
  [1m[35m (1.6ms)[0m  [1m[36mcommit transaction[0m
  ↳ app/models/user.rb:8:in `add_item'
  [1m[35m (0.3ms)[0m  [1m[36mbegin transaction[0m
  ↳ app/models/user.rb:8:in `add_item'
  [1m[36mUser Load (0.2ms)[0m  [1m[34mSELECT "users".* FROM "users" WHERE "users"."id" = ? LIMIT ?[0m  [["id", 19], ["LIMIT", 1]]
  ↳ app/models/user.rb:8:in `add_item'
  [1m[36mItem Create (0.7ms)[0m  [1m[32mINSERT INTO "items" ("name", "description", "seller_id", "asking_price", "end_date", "created_at", "updated_at") VALUES (?, ?, ?, ?, ?, ?, ?)[0m  [["name", "Blue Origin Duck"], ["description", "The unexamined life is not worth living."], ["seller_id", 19], ["asking_price", 15.0], ["end_date", "1989-05-10"], ["created_at", "2020-11-06 17:07:33.940158"], ["updated_at", "2020-11-06 17:07:33.940158"]]
  ↳ app/models/user.rb:8:in `add_item'
  [1m[35m (1.3ms)[0m  [1m[36mcommit transaction[0m
  ↳ app/models/user.rb:8:in `add_item'
  [1m[35m (0.1ms)[0m  [1m[36mbegin transaction[0m
  [1m[36mUser Create (1.1ms)[0m  [1m[32mINSERT INTO "users" ("username", "balance", "created_at", "updated_at") VALUES (?, ?, ?, ?)[0m  [["username", "Warhol"], ["balance", 50.0], ["created_at", "2020-11-06 17:07:33.947540"], ["updated_at", "2020-11-06 17:07:33.947540"]]
  [1m[35m (1.8ms)[0m  [1m[36mcommit transaction[0m
  [1m[35m (0.1ms)[0m  [1m[36mbegin transaction[0m
  ↳ app/models/user.rb:8:in `add_item'
  [1m[36mUser Load (0.3ms)[0m  [1m[34mSELECT "users".* FROM "users" WHERE "users"."id" = ? LIMIT ?[0m  [["id", 20], ["LIMIT", 1]]
  ↳ app/models/user.rb:8:in `add_item'
  [1m[36mItem Create (0.9ms)[0m  [1m[32mINSERT INTO "items" ("name", "description", "seller_id", "asking_price", "end_date", "created_at", "updated_at") VALUES (?, ?, ?, ?, ?, ?, ?)[0m  [["name", "Orbital Sciences Duck"], ["description", "There was never a genius without a tincture of madness."], ["seller_id", 20], ["asking_price", 19.0], ["end_date", "2010-12-07"], ["created_at", "2020-11-06 17:07:33.965894"], ["updated_at", "2020-11-06 17:07:33.965894"]]
  ↳ app/models/user.rb:8:in `add_item'
  [1m[35m (1.6ms)[0m  [1m[36mcommit transaction[0m
  ↳ app/models/user.rb:8:in `add_item'
  [1m[35m (0.1ms)[0m  [1m[36mbegin transaction[0m
  ↳ app/models/user.rb:8:in `add_item'
  [1m[36mUser Load (0.3ms)[0m  [1m[34mSELECT "users".* FROM "users" WHERE "users"."id" = ? LIMIT ?[0m  [["id", 20], ["LIMIT", 1]]
  ↳ app/models/user.rb:8:in `add_item'
  [1m[36mItem Create (0.9ms)[0m  [1m[32mINSERT INTO "items" ("name", "description", "seller_id", "asking_price", "end_date", "created_at", "updated_at") VALUES (?, ?, ?, ?, ?, ?, ?)[0m  [["name", "Orbital Sciences Duck"], ["description", "The secret to humor is surprise."], ["seller_id", 20], ["asking_price", 23.0], ["end_date", "1975-08-30"], ["created_at", "2020-11-06 17:07:33.983039"], ["updated_at", "2020-11-06 17:07:33.983039"]]
  ↳ app/models/user.rb:8:in `add_item'
  [1m[35m (1.4ms)[0m  [1m[36mcommit transaction[0m
  ↳ app/models/user.rb:8:in `add_item'
  [1m[35m (0.1ms)[0m  [1m[36mbegin transaction[0m
  ↳ app/models/user.rb:8:in `add_item'
  [1m[36mUser Load (0.3ms)[0m  [1m[34mSELECT "users".* FROM "users" WHERE "users"."id" = ? LIMIT ?[0m  [["id", 20], ["LIMIT", 1]]
  ↳ app/models/user.rb:8:in `add_item'
  [1m[36mItem Create (1.0ms)[0m  [1m[32mINSERT INTO "items" ("name", "description", "seller_id", "asking_price", "end_date", "created_at", "updated_at") VALUES (?, ?, ?, ?, ?, ?, ?)[0m  [["name", "JPL Duck"], ["description", "Beware the barrenness of a busy life."], ["seller_id", 20], ["asking_price", 18.0], ["end_date", "2010-02-17"], ["created_at", "2020-11-06 17:07:33.997862"], ["updated_at", "2020-11-06 17:07:33.997862"]]
  ↳ app/models/user.rb:8:in `add_item'
  [1m[35m (1.5ms)[0m  [1m[36mcommit transaction[0m
  ↳ app/models/user.rb:8:in `add_item'
  [1m[35m (0.1ms)[0m  [1m[36mbegin transaction[0m
  [1m[36mUser Create (0.8ms)[0m  [1m[32mINSERT INTO "users" ("username", "balance", "created_at", "updated_at") VALUES (?, ?, ?, ?)[0m  [["username", "Edward Hopper"], ["balance", 50.0], ["created_at", "2020-11-06 17:07:34.006847"], ["updated_at", "2020-11-06 17:07:34.006847"]]
  [1m[35m (1.6ms)[0m  [1m[36mcommit transaction[0m
  [1m[35m (0.2ms)[0m  [1m[36mbegin transaction[0m
  ↳ app/models/user.rb:8:in `add_item'
  [1m[36mUser Load (0.2ms)[0m  [1m[34mSELECT "users".* FROM "users" WHERE "users"."id" = ? LIMIT ?[0m  [["id", 21], ["LIMIT", 1]]
  ↳ app/models/user.rb:8:in `add_item'
  [1m[36mItem Create (1.0ms)[0m  [1m[32mINSERT INTO "items" ("name", "description", "seller_id", "asking_price", "end_date", "created_at", "updated_at") VALUES (?, ?, ?, ?, ?, ?, ?)[0m  [["name", "SpaceX' Duck"], ["description", "There was never a genius without a tincture of madness."], ["seller_id", 21], ["asking_price", 22.0], ["end_date", "1981-03-10"], ["created_at", "2020-11-06 17:07:34.025601"], ["updated_at", "2020-11-06 17:07:34.025601"]]
  ↳ app/models/user.rb:8:in `add_item'
  [1m[35m (1.6ms)[0m  [1m[36mcommit transaction[0m
  ↳ app/models/user.rb:8:in `add_item'
  [1m[35m (0.1ms)[0m  [1m[36mbegin transaction[0m
  ↳ app/models/user.rb:8:in `add_item'
  [1m[36mUser Load (0.2ms)[0m  [1m[34mSELECT "users".* FROM "users" WHERE "users"."id" = ? LIMIT ?[0m  [["id", 21], ["LIMIT", 1]]
  ↳ app/models/user.rb:8:in `add_item'
  [1m[36mItem Create (0.7ms)[0m  [1m[32mINSERT INTO "items" ("name", "description", "seller_id", "asking_price", "end_date", "created_at", "updated_at") VALUES (?, ?, ?, ?, ?, ?, ?)[0m  [["name", "NASA Jet Propulsion Laboratory Duck"], ["description", "Dignity does not consist in possessing honors, but in deserving them."], ["seller_id", 21], ["asking_price", 5.0], ["end_date", "1996-03-05"], ["created_at", "2020-11-06 17:07:34.042639"], ["updated_at", "2020-11-06 17:07:34.042639"]]
  ↳ app/models/user.rb:8:in `add_item'
  [1m[35m (1.6ms)[0m  [1m[36mcommit transaction[0m
  ↳ app/models/user.rb:8:in `add_item'
  [1m[35m (0.1ms)[0m  [1m[36mbegin transaction[0m
  ↳ app/models/user.rb:8:in `add_item'
  [1m[36mUser Load (0.2ms)[0m  [1m[34mSELECT "users".* FROM "users" WHERE "users"."id" = ? LIMIT ?[0m  [["id", 21], ["LIMIT", 1]]
  ↳ app/models/user.rb:8:in `add_item'
  [1m[36mItem Create (0.9ms)[0m  [1m[32mINSERT INTO "items" ("name", "description", "seller_id", "asking_price", "end_date", "created_at", "updated_at") VALUES (?, ?, ?, ?, ?, ?, ?)[0m  [["name", "Bigelow Aerospace Duck"], ["description", "A few vices are sufficient to darken many virtues."], ["seller_id", 21], ["asking_price", 24.0], ["end_date", "1972-03-08"], ["created_at", "2020-11-06 17:07:34.060560"], ["updated_at", "2020-11-06 17:07:34.060560"]]
  ↳ app/models/user.rb:8:in `add_item'
  [1m[35m (1.3ms)[0m  [1m[36mcommit transaction[0m
  ↳ app/models/user.rb:8:in `add_item'
  [1m[35m (0.1ms)[0m  [1m[36mbegin transaction[0m
  ↳ app/models/user.rb:8:in `add_item'
  [1m[36mUser Load (0.3ms)[0m  [1m[34mSELECT "users".* FROM "users" WHERE "users"."id" = ? LIMIT ?[0m  [["id", 21], ["LIMIT", 1]]
  ↳ app/models/user.rb:8:in `add_item'
  [1m[36mItem Create (0.6ms)[0m  [1m[32mINSERT INTO "items" ("name", "description", "seller_id", "asking_price", "end_date", "created_at", "updated_at") VALUES (?, ?, ?, ?, ?, ?, ?)[0m  [["name", "Orbital Sciences Duck"], ["description", "Most people would rather give than get affection."], ["seller_id", 21], ["asking_price", 26.0], ["end_date", "1987-10-04"], ["created_at", "2020-11-06 17:07:34.073990"], ["updated_at", "2020-11-06 17:07:34.073990"]]
  ↳ app/models/user.rb:8:in `add_item'
  [1m[35m (1.6ms)[0m  [1m[36mcommit transaction[0m
  ↳ app/models/user.rb:8:in `add_item'
  [1m[35m (0.8ms)[0m  [1m[34mSELECT sqlite_version(*)[0m
  [1m[36mItem Load (0.3ms)[0m  [1m[34mSELECT "items".* FROM "items" ORDER BY "items"."id" ASC LIMIT ?[0m  [["LIMIT", 1]]
  [1m[36mUser Load (0.4ms)[0m  [1m[34mSELECT "users".* FROM "users" WHERE "users"."id" = ? LIMIT ?[0m  [["id", 2], ["LIMIT", 1]]
  [1m[36mUser Load (0.2ms)[0m  [1m[34mSELECT "users".* FROM "users" ORDER BY "users"."id" ASC LIMIT ?[0m  [["LIMIT", 1]]
  [1m[36mItem Load (0.6ms)[0m  [1m[34mSELECT "items".* FROM "items" WHERE "items"."user_id" = ? LIMIT ?[0m  [["user_id", 2], ["LIMIT", 11]]
  [1m[35m (1.2ms)[0m  [1m[34mSELECT sqlite_version(*)[0m
  [1m[36mUser Load (0.5ms)[0m  [1m[34mSELECT "users".* FROM "users" ORDER BY "users"."id" ASC LIMIT ?[0m  [["LIMIT", 1]]
  [1m[36mItem Load (2.0ms)[0m  [1m[34mSELECT "items".* FROM "items" WHERE "items"."seller_id" = ? AND "items"."seller_type" = ? LIMIT ?[0m  [["seller_id", 2], ["seller_type", "User"], ["LIMIT", 11]]
  [1m[36mItem Load (0.2ms)[0m  [1m[34mSELECT "items".* FROM "items" ORDER BY "items"."id" ASC LIMIT ?[0m  [["LIMIT", 1]]
  [1m[36mUser Load (0.4ms)[0m  [1m[34mSELECT "users".* FROM "users" WHERE "users"."id" = ? LIMIT ?[0m  [["id", 2], ["LIMIT", 1]]
  [1m[36mItem Load (0.2ms)[0m  [1m[34mSELECT "items".* FROM "items" ORDER BY "items"."id" ASC LIMIT ? OFFSET ?[0m  [["LIMIT", 1], ["OFFSET", 1]]
  [1m[36mUser Load (0.1ms)[0m  [1m[34mSELECT "users".* FROM "users" WHERE "users"."id" = ? LIMIT ?[0m  [["id", 2], ["LIMIT", 1]]
  [1m[36mUser Load (0.1ms)[0m  [1m[34mSELECT "users".* FROM "users" ORDER BY "users"."id" ASC LIMIT ?[0m  [["LIMIT", 1]]
  [1m[36mItem Load (0.5ms)[0m  [1m[34mSELECT "items".* FROM "items" WHERE "items"."seller_id" = ? AND "items"."seller_type" = ? LIMIT ?[0m  [["seller_id", 2], ["seller_type", "User"], ["LIMIT", 11]]
  [1m[35m (1.0ms)[0m  [1m[34mSELECT sqlite_version(*)[0m
  [1m[36mUser Load (0.4ms)[0m  [1m[34mSELECT "users".* FROM "users" ORDER BY "users"."id" ASC LIMIT ?[0m  [["LIMIT", 1]]
  [1m[36mItem Load (0.9ms)[0m  [1m[34mSELECT "items".* FROM "items" WHERE "items"."seller_id_id" = ? AND "items"."seller_id_type" = ? LIMIT ?[0m  [["seller_id_id", 2], ["seller_id_type", "User"], ["LIMIT", 11]]
  [1m[35m (0.6ms)[0m  [1m[34mSELECT sqlite_version(*)[0m
  [1m[36mUser Load (0.3ms)[0m  [1m[34mSELECT "users".* FROM "users" ORDER BY "users"."id" ASC LIMIT ?[0m  [["LIMIT", 1]]
  [1m[36mItem Load (2.1ms)[0m  [1m[34mSELECT "items".* FROM "items" WHERE "items"."seller_id" = ? AND "items"."seller_type" = ? LIMIT ?[0m  [["seller_id", 2], ["seller_type", "User"], ["LIMIT", 11]]
  [1m[35m (0.8ms)[0m  [1m[34mSELECT sqlite_version(*)[0m
  [1m[36mUser Load (0.2ms)[0m  [1m[34mSELECT "users".* FROM "users" ORDER BY "users"."id" ASC LIMIT ?[0m  [["LIMIT", 1]]
  [1m[36mItem Load (0.3ms)[0m  [1m[34mSELECT "items".* FROM "items" WHERE "items"."seller_id" = ? LIMIT ?[0m  [["seller_id", 2], ["LIMIT", 11]]
  [1m[35m (0.5ms)[0m  [1m[34mSELECT sqlite_version(*)[0m
  [1m[36mUser Load (0.4ms)[0m  [1m[34mSELECT "users".* FROM "users" ORDER BY "users"."id" ASC LIMIT ? OFFSET ?[0m  [["LIMIT", 1], ["OFFSET", 1]]
  [1m[36mItem Load (0.2ms)[0m  [1m[34mSELECT "items".* FROM "items" ORDER BY "items"."id" ASC LIMIT ?[0m  [["LIMIT", 1]]
  [1m[36mUser Load (0.3ms)[0m  [1m[34mSELECT "users".* FROM "users" ORDER BY "users"."id" ASC LIMIT ?[0m  [["LIMIT", 1]]
  [1m[36mItem Load (0.3ms)[0m  [1m[34mSELECT "items".* FROM "items" WHERE "items"."seller_id" = ? LIMIT ?[0m  [["seller_id", 2], ["LIMIT", 11]]
  [1m[36mItem Load (0.2ms)[0m  [1m[34mSELECT "items".* FROM "items" ORDER BY "items"."id" ASC LIMIT ?[0m  [["LIMIT", 1]]
  [1m[36mUser Load (0.4ms)[0m  [1m[34mSELECT "users".* FROM "users" WHERE "users"."id" = ? LIMIT ?[0m  [["id", 2], ["LIMIT", 1]]
  [1m[35m (0.9ms)[0m  [1m[34mSELECT sqlite_version(*)[0m
  [1m[36mUser Load (0.2ms)[0m  [1m[34mSELECT "users".* FROM "users" ORDER BY "users"."id" ASC LIMIT ? OFFSET ?[0m  [["LIMIT", 1], ["OFFSET", 1]]
  [1m[36mItem Load (0.2ms)[0m  [1m[34mSELECT "items".* FROM "items" ORDER BY "items"."id" ASC LIMIT ?[0m  [["LIMIT", 1]]
  [1m[35m (1.6ms)[0m  [1m[34mSELECT sqlite_version(*)[0m
  [1m[36mUser Load (0.2ms)[0m  [1m[34mSELECT "users".* FROM "users" ORDER BY "users"."id" ASC LIMIT ? OFFSET ?[0m  [["LIMIT", 1], ["OFFSET", 1]]
  [1m[36mItem Load (0.1ms)[0m  [1m[34mSELECT "items".* FROM "items" ORDER BY "items"."id" ASC LIMIT ?[0m  [["LIMIT", 1]]
  [1m[35m (0.1ms)[0m  [1m[36mbegin transaction[0m
  [1m[36mBid Create (0.7ms)[0m  [1m[32mINSERT INTO "bids" ("bidder_id", "item_id", "bid_amount", "created_at", "updated_at") VALUES (?, ?, ?, ?, ?)[0m  [["bidder_id", 3], ["item_id", 1], ["bid_amount", 10.0], ["created_at", "2020-11-06 17:24:24.157951"], ["updated_at", "2020-11-06 17:24:24.157951"]]
  [1m[35m (1.3ms)[0m  [1m[36mcommit transaction[0m
  [1m[36mBid Load (0.5ms)[0m  [1m[34mSELECT "bids".* FROM "bids" WHERE "bids"."user_id" = ? LIMIT ?[0m  [["user_id", 3], ["LIMIT", 11]]
  [1m[36mBid Load (1.3ms)[0m  [1m[34mSELECT "bids".* FROM "bids" WHERE "bids"."user_id" = ? LIMIT ?[0m  [["user_id", 3], ["LIMIT", 11]]
  [1m[35m (0.8ms)[0m  [1m[34mSELECT sqlite_version(*)[0m
  [1m[36mUser Load (0.5ms)[0m  [1m[34mSELECT "users".* FROM "users" ORDER BY "users"."id" ASC LIMIT ? OFFSET ?[0m  [["LIMIT", 1], ["OFFSET", 1]]
  [1m[36mItem Load (0.1ms)[0m  [1m[34mSELECT "items".* FROM "items" ORDER BY "items"."id" ASC LIMIT ?[0m  [["LIMIT", 1]]
  [1m[35m (0.1ms)[0m  [1m[36mbegin transaction[0m
  [1m[36mBid Create (0.8ms)[0m  [1m[32mINSERT INTO "bids" ("bidder_id", "item_id", "bid_amount", "created_at", "updated_at") VALUES (?, ?, ?, ?, ?)[0m  [["bidder_id", 3], ["item_id", 1], ["bid_amount", 10.0], ["created_at", "2020-11-06 17:25:31.040531"], ["updated_at", "2020-11-06 17:25:31.040531"]]
  [1m[35m (1.3ms)[0m  [1m[36mcommit transaction[0m
  [1m[36mBid Load (0.2ms)[0m  [1m[34mSELECT "bids".* FROM "bids" WHERE "bids"."bidder_id" = ? LIMIT ?[0m  [["bidder_id", 3], ["LIMIT", 11]]
  [1m[36mBid Load (0.3ms)[0m  [1m[34mSELECT "bids".* FROM "bids" WHERE "bids"."item_id" = ? LIMIT ?[0m  [["item_id", 1], ["LIMIT", 11]]
  [1m[36mBid Load (0.1ms)[0m  [1m[34mSELECT "bids".* FROM "bids" WHERE "bids"."bidder_id" = ? LIMIT ?[0m  [["bidder_id", 3], ["LIMIT", 11]]
  [1m[35m (0.7ms)[0m  [1m[34mSELECT sqlite_version(*)[0m
  [1m[36mUser Load (0.5ms)[0m  [1m[34mSELECT "users".* FROM "users" ORDER BY "users"."id" ASC LIMIT ? OFFSET ?[0m  [["LIMIT", 1], ["OFFSET", 1]]
  [1m[36mItem Load (0.2ms)[0m  [1m[34mSELECT "items".* FROM "items" ORDER BY "items"."id" ASC LIMIT ?[0m  [["LIMIT", 1]]
  [1m[36mUser Load (0.2ms)[0m  [1m[34mSELECT "users".* FROM "users" ORDER BY "users"."id" ASC LIMIT ? OFFSET ?[0m  [["LIMIT", 1], ["OFFSET", 1]]
  [1m[36mItem Load (0.2ms)[0m  [1m[34mSELECT "items".* FROM "items" ORDER BY "items"."id" ASC LIMIT ?[0m  [["LIMIT", 1]]
  [1m[35m (0.8ms)[0m  [1m[34mSELECT sqlite_version(*)[0m
  [1m[36mUser Load (0.3ms)[0m  [1m[34mSELECT "users".* FROM "users" ORDER BY "users"."id" ASC LIMIT ? OFFSET ?[0m  [["LIMIT", 1], ["OFFSET", 1]]
  [1m[36mItem Load (0.2ms)[0m  [1m[34mSELECT "items".* FROM "items" ORDER BY "items"."id" ASC LIMIT ?[0m  [["LIMIT", 1]]
  [1m[35m (1.0ms)[0m  [1m[34mSELECT sqlite_version(*)[0m
  [1m[36mUser Load (0.3ms)[0m  [1m[34mSELECT "users".* FROM "users" ORDER BY "users"."id" ASC LIMIT ? OFFSET ?[0m  [["LIMIT", 1], ["OFFSET", 1]]
  [1m[36mItem Load (0.2ms)[0m  [1m[34mSELECT "items".* FROM "items" ORDER BY "items"."id" ASC LIMIT ?[0m  [["LIMIT", 1]]
  [1m[36mBid Load (0.2ms)[0m  [1m[34mSELECT "bids".* FROM "bids" WHERE "bids"."bidder_id" = ? LIMIT ?[0m  [["bidder_id", 3], ["LIMIT", 11]]
  [1m[35m (1.0ms)[0m  [1m[34mSELECT sqlite_version(*)[0m
  [1m[36mUser Load (0.3ms)[0m  [1m[34mSELECT "users".* FROM "users" ORDER BY "users"."id" ASC LIMIT ? OFFSET ?[0m  [["LIMIT", 1], ["OFFSET", 1]]
  [1m[36mItem Load (0.4ms)[0m  [1m[34mSELECT "items".* FROM "items" INNER JOIN "bids" ON "items"."id" = "bids"."item_id" WHERE "bids"."bidder_id" = ? LIMIT ?[0m  [["bidder_id", 3], ["LIMIT", 11]]
  [1m[36mItem Load (0.2ms)[0m  [1m[34mSELECT "items".* FROM "items" ORDER BY "items"."id" ASC LIMIT ?[0m  [["LIMIT", 1]]
  [1m[35m (1.2ms)[0m  [1m[34mSELECT sqlite_version(*)[0m
  [1m[36mItem Load (0.5ms)[0m  [1m[34mSELECT "items".* FROM "items" ORDER BY "items"."id" ASC LIMIT ?[0m  [["LIMIT", 1]]
  [1m[36mUser Load (0.5ms)[0m  [1m[34mSELECT "users".* FROM "users" INNER JOIN "bids" ON "users"."id" = "bids"."user_id" WHERE "bids"."item_id" = ? LIMIT ?[0m  [["item_id", 1], ["LIMIT", 11]]
  [1m[35m (0.6ms)[0m  [1m[34mSELECT sqlite_version(*)[0m
  [1m[36mItem Load (0.2ms)[0m  [1m[34mSELECT "items".* FROM "items" ORDER BY "items"."id" ASC LIMIT ?[0m  [["LIMIT", 1]]
  [1m[36mUser Load (0.7ms)[0m  [1m[34mSELECT "users".* FROM "users" INNER JOIN "bids" ON "users"."id" = "bids"."user_id" WHERE "bids"."item_id" = ? LIMIT ?[0m  [["item_id", 1], ["LIMIT", 11]]
  [1m[35m (1.0ms)[0m  [1m[34mSELECT sqlite_version(*)[0m
  [1m[36mItem Load (0.3ms)[0m  [1m[34mSELECT "items".* FROM "items" ORDER BY "items"."id" ASC LIMIT ?[0m  [["LIMIT", 1]]
  [1m[36mUser Load (0.6ms)[0m  [1m[34mSELECT "users".* FROM "users" INNER JOIN "bids" ON "users"."id" = "bids"."user_id" WHERE "bids"."item_id" = ? LIMIT ?[0m  [["item_id", 1], ["LIMIT", 11]]
  [1m[35m (0.8ms)[0m  [1m[34mSELECT sqlite_version(*)[0m
  [1m[35m (0.3ms)[0m  [1m[34mSELECT "schema_migrations"."version" FROM "schema_migrations" ORDER BY "schema_migrations"."version" ASC[0m
  [1m[35m (0.1ms)[0m  [1m[34mSELECT "schema_migrations"."version" FROM "schema_migrations" ORDER BY "schema_migrations"."version" ASC[0m
  [1m[35m (0.1ms)[0m  [1m[34mSELECT "schema_migrations"."version" FROM "schema_migrations" ORDER BY "schema_migrations"."version" ASC[0m
  [1m[35m (0.1ms)[0m  [1m[34mSELECT "schema_migrations"."version" FROM "schema_migrations" ORDER BY "schema_migrations"."version" ASC[0m
Migrating to CreateBids (20201106165446)
  [1m[35m (0.1ms)[0m  [1m[36mbegin transaction[0m
  [1m[35m (0.8ms)[0m  [1m[35mDROP TABLE "bids"[0m
  [1m[36mprimary::SchemaMigration Destroy (0.3ms)[0m  [1m[31mDELETE FROM "schema_migrations" WHERE "schema_migrations"."version" = ?[0m  [["version", "20201106165446"]]
  [1m[35m (1.1ms)[0m  [1m[36mcommit transaction[0m
  [1m[35m (0.1ms)[0m  [1m[34mSELECT sqlite_version(*)[0m
  [1m[35m (0.3ms)[0m  [1m[34mSELECT "schema_migrations"."version" FROM "schema_migrations" ORDER BY "schema_migrations"."version" ASC[0m
  [1m[35m (0.9ms)[0m  [1m[34mSELECT sqlite_version(*)[0m
  [1m[35m (0.3ms)[0m  [1m[34mSELECT "schema_migrations"."version" FROM "schema_migrations" ORDER BY "schema_migrations"."version" ASC[0m
Migrating to CreateBids (20201106165446)
  [1m[35m (0.1ms)[0m  [1m[36mbegin transaction[0m
  [1m[35m (1.4ms)[0m  [1m[35mCREATE TABLE "bids" ("id" integer PRIMARY KEY AUTOINCREMENT NOT NULL, "user_id" integer, "item_id" integer, "bid_amount" float, "created_at" datetime(6) NOT NULL, "updated_at" datetime(6) NOT NULL)[0m
  [1m[36mprimary::SchemaMigration Create (0.5ms)[0m  [1m[32mINSERT INTO "schema_migrations" ("version") VALUES (?)[0m  [["version", "20201106165446"]]
  [1m[35m (1.4ms)[0m  [1m[36mcommit transaction[0m
  [1m[36mActiveRecord::InternalMetadata Load (0.3ms)[0m  [1m[34mSELECT "ar_internal_metadata".* FROM "ar_internal_metadata" WHERE "ar_internal_metadata"."key" = ? LIMIT ?[0m  [["key", "environment"], ["LIMIT", 1]]
  [1m[35m (0.1ms)[0m  [1m[34mSELECT sqlite_version(*)[0m
  [1m[35m (0.3ms)[0m  [1m[34mSELECT "schema_migrations"."version" FROM "schema_migrations" ORDER BY "schema_migrations"."version" ASC[0m
  [1m[35m (0.9ms)[0m  [1m[34mSELECT sqlite_version(*)[0m
  [1m[36mItem Load (0.4ms)[0m  [1m[34mSELECT "items".* FROM "items" ORDER BY "items"."id" ASC LIMIT ?[0m  [["LIMIT", 1]]
  [1m[36mUser Load (0.3ms)[0m  [1m[34mSELECT "users".* FROM "users" INNER JOIN "bids" ON "users"."id" = "bids"."user_id" WHERE "bids"."item_id" = ? LIMIT ?[0m  [["item_id", 1], ["LIMIT", 11]]
  [1m[36mBid Load (0.2ms)[0m  [1m[34mSELECT "bids".* FROM "bids" WHERE "bids"."item_id" = ? LIMIT ?[0m  [["item_id", 1], ["LIMIT", 11]]
  [1m[36mUser Load (0.2ms)[0m  [1m[34mSELECT "users".* FROM "users" ORDER BY "users"."id" ASC LIMIT ? OFFSET ?[0m  [["LIMIT", 1], ["OFFSET", 1]]
  [1m[35m (0.1ms)[0m  [1m[36mbegin transaction[0m
  [1m[36mUser Load (0.2ms)[0m  [1m[34mSELECT "users".* FROM "users" WHERE "users"."id" = ? LIMIT ?[0m  [["id", 3], ["LIMIT", 1]]
  [1m[36mItem Load (0.1ms)[0m  [1m[34mSELECT "items".* FROM "items" WHERE "items"."id" = ? LIMIT ?[0m  [["id", 1], ["LIMIT", 1]]
  [1m[36mBid Create (0.7ms)[0m  [1m[32mINSERT INTO "bids" ("user_id", "item_id", "bid_amount", "created_at", "updated_at") VALUES (?, ?, ?, ?, ?)[0m  [["user_id", 3], ["item_id", 1], ["bid_amount", 10.0], ["created_at", "2020-11-06 17:36:22.525858"], ["updated_at", "2020-11-06 17:36:22.525858"]]
  [1m[35m (1.2ms)[0m  [1m[36mcommit transaction[0m
  [1m[36mBid Load (0.2ms)[0m  [1m[34mSELECT "bids".* FROM "bids" WHERE "bids"."item_id" = ? LIMIT ?[0m  [["item_id", 1], ["LIMIT", 11]]
  [1m[36mUser Load (0.3ms)[0m  [1m[34mSELECT "users".* FROM "users" INNER JOIN "bids" ON "users"."id" = "bids"."user_id" WHERE "bids"."item_id" = ? LIMIT ?[0m  [["item_id", 1], ["LIMIT", 11]]
